Log file open, 11/02/18 13:15:01
LogWindows: Failed to load 'aqProf.dll' (GetLastError=126)
LogWindows: File 'aqProf.dll' does not exist
LogWindows: Failed to load 'VSPerf140.dll' (GetLastError=126)
LogWindows: File 'VSPerf140.dll' does not exist
LogWindows: Failed to load 'VtuneApi.dll' (GetLastError=126)
LogWindows: File 'VtuneApi.dll' does not exist
LogWindows: Failed to load 'VtuneApi32e.dll' (GetLastError=126)
LogWindows: File 'VtuneApi32e.dll' does not exist
LogInit: Display: Running engine for game: GenericName
LogPlatformFile: Not using cached read wrapper
LogTaskGraph: Started task graph with 5 named threads and 23 total threads with 3 sets of task threads.
LogStats: Stats thread started at 0.309890
LogD3D11RHI: Loaded GFSDK_Aftermath_Lib.x64.dll
LogICUInternationalization: Display: ICU TimeZone Detection - Raw Offset: +1:00, Platform Override: ''
LogPluginManager: Mounting plugin Paper2D
LogPluginManager: Mounting plugin AISupport
LogPluginManager: Mounting plugin LightPropagationVolume
LogPluginManager: Mounting plugin CLionSourceCodeAccess
LogPluginManager: Mounting plugin CodeLiteSourceCodeAccess
LogPluginManager: Mounting plugin GitSourceControl
LogPluginManager: Mounting plugin KDevelopSourceCodeAccess
LogPluginManager: Mounting plugin NullSourceCodeAccess
LogPluginManager: Mounting plugin PerforceSourceControl
LogPluginManager: Mounting plugin SubversionSourceControl
LogPluginManager: Mounting plugin UObjectPlugin
LogPluginManager: Mounting plugin VisualStudioCodeSourceCodeAccess
LogPluginManager: Mounting plugin VisualStudioSourceCodeAccess
LogPluginManager: Mounting plugin XCodeSourceCodeAccess
LogPluginManager: Mounting plugin AssetManagerEditor
LogPluginManager: Mounting plugin CryptoKeys
LogPluginManager: Mounting plugin DataValidation
LogPluginManager: Mounting plugin FacialAnimation
LogPluginManager: Mounting plugin GameplayTagsEditor
LogPluginManager: Mounting plugin MacGraphicsSwitching
LogPluginManager: Mounting plugin MeshEditor
LogPluginManager: Mounting plugin MobileLauncherProfileWizard
LogPluginManager: Mounting plugin PluginBrowser
LogPluginManager: Mounting plugin SpeedTreeImporter
LogPluginManager: Mounting plugin DatasmithContent
LogPluginManager: Mounting plugin AlembicImporter
LogPluginManager: Mounting plugin AppleImageUtils
LogPluginManager: Mounting plugin AppleVision
LogPluginManager: Mounting plugin BackChannel
LogPluginManager: Mounting plugin CharacterAI
LogPluginManager: Mounting plugin GeometryCache
LogPluginManager: Mounting plugin HTML5Networking
LogPluginManager: Mounting plugin ProxyLODPlugin
LogPluginManager: Mounting plugin MagicLeap
LogPluginManager: Mounting plugin MagicLeapEmulator
LogPluginManager: Mounting plugin MagicLeapMedia
LogPluginManager: Mounting plugin AndroidMedia
LogPluginManager: Mounting plugin AvfMedia
LogPluginManager: Mounting plugin ImgMedia
LogPluginManager: Mounting plugin LinearTimecode
LogPluginManager: Mounting plugin MediaCompositing
LogPluginManager: Mounting plugin MediaPlayerEditor
LogPluginManager: Mounting plugin WmfMedia
LogPluginManager: Mounting plugin TcpMessaging
LogPluginManager: Mounting plugin UdpMessaging
LogPluginManager: Mounting plugin ActorSequence
LogPluginManager: Mounting plugin LevelSequenceEditor
LogPluginManager: Mounting plugin MatineeToLevelSequence
LogPluginManager: Mounting plugin NetcodeUnitTest
LogPluginManager: Mounting plugin NUTUnrealEngine4
LogPluginManager: Mounting plugin OnlineSubsystemGooglePlay
LogPluginManager: Mounting plugin OnlineSubsystemIOS
LogPluginManager: Mounting plugin OnlineSubsystem
LogPluginManager: Mounting plugin OnlineSubsystemNull
LogPluginManager: Mounting plugin OnlineSubsystemUtils
LogPluginManager: Mounting plugin LauncherChunkInstaller
LogPluginManager: Mounting plugin AndroidDeviceProfileSelector
LogPluginManager: Mounting plugin AndroidMoviePlayer
LogPluginManager: Mounting plugin AndroidPermission
LogPluginManager: Mounting plugin AppleMoviePlayer
LogPluginManager: Mounting plugin ArchVisCharacter
LogPluginManager: Mounting plugin AudioCapture
LogPluginManager: Mounting plugin CableComponent
LogPluginManager: Mounting plugin CustomMeshComponent
LogPluginManager: Mounting plugin EditableMesh
LogPluginManager: Mounting plugin ExampleDeviceProfileSelector
LogPluginManager: Mounting plugin GoogleCloudMessaging
LogPluginManager: Mounting plugin ImmediatePhysics
LogPluginManager: Mounting plugin IOSDeviceProfileSelector
LogPluginManager: Mounting plugin LinuxDeviceProfileSelector
LogPluginManager: Mounting plugin LocationServicesBPLibrary
LogPluginManager: Mounting plugin MobilePatchingUtils
LogPluginManager: Mounting plugin OculusVR
LogPluginManager: Plugin shader directory ../../../Engine/Plugins/Runtime/Oculus/OculusVR/Shaders found
LogPluginManager: Mapping shader source directory ../../../Engine/Plugins/Runtime/Oculus/OculusVR/Shaders to virtual directory /Plugin/OculusVR
LogPluginManager: Mounting plugin PhysXVehicles
LogPluginManager: Mounting plugin ProceduralMeshComponent
LogPluginManager: Mounting plugin RuntimePhysXCooking
LogPluginManager: Mounting plugin SteamVR
LogPluginManager: Mounting plugin WindowsMoviePlayer
LogStreaming: Display: Took  0.154s to configure plugins.
LogInit: Using libcurl 7.55.1-DEV
LogInit:  - built for x86_64-pc-win32
LogInit:  - supports SSL with OpenSSL/1.0.2h
LogInit:  - supports HTTP deflate (compression) using libz 1.2.8
LogInit:  - other features:
LogInit:      CURL_VERSION_SSL
LogInit:      CURL_VERSION_LIBZ
LogInit:      CURL_VERSION_IPV6
LogInit:      CURL_VERSION_ASYNCHDNS
LogInit:      CURL_VERSION_LARGEFILE
LogInit:      CURL_VERSION_IDN
LogInit:  CurlRequestOptions (configurable via config and command line):
LogInit:  - bVerifyPeer = false  - Libcurl will NOT verify peer certificate
LogInit:  - bUseHttpProxy = false  - Libcurl will NOT use HTTP proxy
LogInit:  - bDontReuseConnections = false  - Libcurl will reuse connections
LogInit:  - CertBundlePath = nullptr  - Libcurl will use whatever was configured at build time.
LogInit:  - MaxHostConnections = 16  - Libcurl will limit the number of connections to a host
LogInit:  - LocalHostAddr = Default
LogInit:  - BufferSize = 65536
LogInit: WinSock: version 1.1 (2.2), MaxSocks=32767, MaxUdp=65467
LogInit: Build: ++UE4+Release-4.20-CL-4369336
LogInit: Engine Version: 4.20.3-4369336+++UE4+Release-4.20
LogInit: Compatible Engine Version: 4.20.0-4212847+++UE4+Release-4.20
LogInit: Net CL: 4212847
LogInit: OS: Windows 10 (), CPU: Intel(R) Core(TM) i7-7700HQ CPU @ 2.80GHz, GPU: Intel(R) HD Graphics 630
LogInit: Compiled (64-bit): Sep 17 2018 12:26:19
LogInit: Compiled with Visual C++: 19.13.26129.00
LogInit: Build Configuration: Development
LogInit: Branch Name: ++UE4+Release-4.20
LogInit: Command Line: 
LogInit: Base Directory: D:/Unreal/UE_4.20/Engine/Binaries/Win64/
LogInit: Installed Engine Build: 1
LogDevObjectVersion: Number of dev versions registered: 20
LogDevObjectVersion:   Dev-Blueprints (B0D832E4-1F89-4F0D-ACCF-7EB736FD4AA2): 10
LogDevObjectVersion:   Dev-Build (E1C64328-A22C-4D53-A36C-8E866417BD8C): 0
LogDevObjectVersion:   Dev-Core (375EC13C-06E4-48FB-B500-84F0262A717E): 2
LogDevObjectVersion:   Dev-Editor (E4B068ED-F494-42E9-A231-DA0B2E46BB41): 24
LogDevObjectVersion:   Dev-Framework (CFFC743F-43B0-4480-9391-14DF171D2073): 34
LogDevObjectVersion:   Dev-Mobile (B02B49B5-BB20-44E9-A304-32B752E40360): 2
LogDevObjectVersion:   Dev-Networking (A4E4105C-59A1-49B5-A7C5-40C4547EDFEE): 0
LogDevObjectVersion:   Dev-Online (39C831C9-5AE6-47DC-9A44-9C173E1C8E7C): 0
LogDevObjectVersion:   Dev-Physics (78F01B33-EBEA-4F98-B9B4-84EACCB95AA2): 0
LogDevObjectVersion:   Dev-Platform (6631380F-2D4D-43E0-8009-CF276956A95A): 0
LogDevObjectVersion:   Dev-Rendering (12F88B9F-8875-4AFC-A67C-D90C383ABD29): 26
LogDevObjectVersion:   Dev-Sequencer (7B5AE74C-D270-4C10-A958-57980B212A5A): 9
LogDevObjectVersion:   Dev-VR (D7296918-1DD6-4BDD-9DE2-64A83CC13884): 2
LogDevObjectVersion:   Dev-LoadTimes (C2A15278-BFE7-4AFE-6C17-90FF531DF755): 1
LogDevObjectVersion:   Private-Geometry (6EACA3D4-40EC-4CC1-B786-8BED09428FC5): 3
LogDevObjectVersion:   Dev-AnimPhys (29E575DD-E0A3-4627-9D10-D276232CDCEA): 17
LogDevObjectVersion:   Dev-ReflectionCapture (6B266CEC-1EC7-4B8F-A30B-E4D90942FC07): 1
LogDevObjectVersion:   Dev-Automation (0DF73D61-A23F-47EA-B727-89E90C41499A): 1
LogDevObjectVersion:   FortniteMain (601D1886-AC64-4F84-AA16-D3DE0DEAC7D6): 12
LogDevObjectVersion:   Dev-Enterprise (9DFFBCD6-494F-0158-E221-12823C92A888): 1
LogStreaming: Display: Took  0.001s to delete old logs.
LogInit: Presizing for max 8388607 objects, including 0 objects not considered by GC, pre-allocating 0 bytes for permanent pool.
LogInit: Object subsystem initialized
[2018.11.02-12.15.02:080][  0]LogInit: Selected Device Profile: [Windows]
[2018.11.02-12.15.02:080][  0]LogInit: Applying CVar settings loaded from the selected device profile: [Windows]
[2018.11.02-12.15.02:092][  0]LogHAL: Display: Platform has ~ 12 GB [12764131328 / 17179869184 / 12], which maps to Larger [LargestMinGB=32, LargerMinGB=12, DefaultMinGB=8, SmallerMinGB=6, SmallestMinGB=0)
[2018.11.02-12.15.02:092][  0]LogInit: Setting Device Profile CVar: [[r.Vulkan.UseRealUBs:1]]
[2018.11.02-12.15.02:092][  0]LogInit: Going up to parent DeviceProfile []
[2018.11.02-12.15.02:093][  0]LogInit: Computer: DESKTOP-HPIOJMU
[2018.11.02-12.15.02:093][  0]LogInit: User: serxr
[2018.11.02-12.15.02:093][  0]LogInit: CPU Page size=4096, Cores=4
[2018.11.02-12.15.02:093][  0]LogInit: High frequency timer resolution =2.742189 MHz
[2018.11.02-12.15.02:093][  0]LogMemory: Memory total: Physical=11.9GB (12GB approx)
[2018.11.02-12.15.02:093][  0]LogMemory: Platform Memory Stats for Windows
[2018.11.02-12.15.02:093][  0]LogMemory: Process Physical Memory: 101.72 MB used, 101.72 MB peak
[2018.11.02-12.15.02:093][  0]LogMemory: Process Virtual Memory: 89.63 MB used, 89.63 MB peak
[2018.11.02-12.15.02:093][  0]LogMemory: Physical Memory: 7329.40 MB used,  4843.42 MB free, 12172.82 MB total
[2018.11.02-12.15.02:093][  0]LogMemory: Virtual Memory: 4643.48 MB used,  4843.42 MB free, 134217728.00 MB total
[2018.11.02-12.15.02:118][  0]LogInit: Overriding language with editor language configuration option (en).
[2018.11.02-12.15.02:118][  0]LogInit: Overriding locale with editor locale configuration option (en).
[2018.11.02-12.15.02:528][  0]LogStreaming: Display: Took  0.409s to InitEngineTextLocalization.
[2018.11.02-12.15.02:528][  0]LogInit: Setting process to per monitor DPI aware
[2018.11.02-12.15.02:548][  0]LogSlate: New Slate User Created.  User Index 0, Is Virtual User: 0
[2018.11.02-12.15.02:548][  0]LogSlate: Slate User Registered.  User Index 0, Is Virtual User: 0
[2018.11.02-12.15.02:815][  0]LogHMD: Failed to initialize OpenVR with code 110
[2018.11.02-12.15.02:815][  0]LogD3D11RHI: D3D11 adapters:
[2018.11.02-12.15.02:842][  0]LogD3D11RHI:    1. 'Intel(R) HD Graphics 630' (Feature Level 11_0)
[2018.11.02-12.15.02:842][  0]LogD3D11RHI:       128/0/6086 MB DedicatedVideo/DedicatedSystem/SharedSystem, Outputs:0, VendorId:0x8086
[2018.11.02-12.15.02:846][  0]LogD3D11RHI:    2. 'Microsoft Basic Render Driver' (Feature Level 11_0)
[2018.11.02-12.15.02:846][  0]LogD3D11RHI:       0/0/6086 MB DedicatedVideo/DedicatedSystem/SharedSystem, Outputs:0, VendorId:0x1414
[2018.11.02-12.15.02:846][  0]LogD3D11RHI: Chosen D3D11 Adapter: 1
[2018.11.02-12.15.02:877][  0]LogD3D11RHI: Creating new Direct3DDevice
[2018.11.02-12.15.02:877][  0]LogD3D11RHI:     GPU DeviceId: 0x591b (for the marketing name, search the web for "GPU Device Id")
[2018.11.02-12.15.02:877][  0]LogWindows: EnumDisplayDevices:
[2018.11.02-12.15.02:877][  0]LogWindows:    0. 'Intel(R) HD Graphics 630' (P:1 D:1)
[2018.11.02-12.15.02:878][  0]LogWindows:    1. 'Intel(R) HD Graphics 630' (P:0 D:0)
[2018.11.02-12.15.02:878][  0]LogWindows:    2. 'Intel(R) HD Graphics 630' (P:0 D:0)
[2018.11.02-12.15.02:878][  0]LogWindows: DebugString: FoundDriverCount:3 
[2018.11.02-12.15.02:878][  0]LogD3D11RHI:     Adapter Name: Intel(R) HD Graphics 630
[2018.11.02-12.15.02:878][  0]LogD3D11RHI:   Driver Version: 21.20.16.4599 (internal:21.20.16.4599, unified:21.20.16.4599)
[2018.11.02-12.15.02:878][  0]LogD3D11RHI:      Driver Date: 2-1-2017
[2018.11.02-12.15.02:878][  0]LogRHI: Texture pool is 1523 MB (70% of 2176 MB)
[2018.11.02-12.15.02:884][  0]LogD3D11RHI: Async texture creation enabled
[2018.11.02-12.15.02:892][  0]LogD3D11RHI: GPU Timing Frequency: 12.000000 (Debug: 2 0)
[2018.11.02-12.15.02:893][  0]LogShaderCompilers: Guid format shader working directory is 6 characters bigger than the processId version (../../../../../MetroidVania/GenericName/Intermediate/Shaders/WorkingDirectory/18776/).
[2018.11.02-12.15.02:893][  0]LogShaderCompilers: Cleaned the shader compiler working directory 'C:/Users/serxr/AppData/Local/Temp/UnrealShaderWorkingDir/B8136E424538207EF6B6B7896CBCDB0B/'.
[2018.11.02-12.15.03:294][  0]LogTemp: Display: Loaded TP AllDesktopTargetPlatform
[2018.11.02-12.15.03:309][  0]LogTemp: Display: Loaded TP MacClientTargetPlatform
[2018.11.02-12.15.03:327][  0]LogTemp: Display: Loaded TP MacNoEditorTargetPlatform
[2018.11.02-12.15.03:350][  0]LogTemp: Display: Loaded TP MacServerTargetPlatform
[2018.11.02-12.15.03:369][  0]LogTemp: Display: Loaded TP MacTargetPlatform
[2018.11.02-12.15.03:386][  0]LogTemp: Display: Loaded TP WindowsClientTargetPlatform
[2018.11.02-12.15.03:405][  0]LogTemp: Display: Loaded TP WindowsNoEditorTargetPlatform
[2018.11.02-12.15.03:420][  0]LogTemp: Display: Loaded TP WindowsServerTargetPlatform
[2018.11.02-12.15.03:427][  0]LogTemp: Display: Loaded TP WindowsTargetPlatform
[2018.11.02-12.15.03:531][  0]LogTemp: Display: Loaded TP AndroidTargetPlatform
[2018.11.02-12.15.03:531][  0]LogTemp: Display: Loaded TP AndroidTargetPlatform
[2018.11.02-12.15.03:531][  0]LogTemp: Display: Loaded TP AndroidTargetPlatform
[2018.11.02-12.15.03:531][  0]LogTemp: Display: Loaded TP AndroidTargetPlatform
[2018.11.02-12.15.03:531][  0]LogTemp: Display: Loaded TP AndroidTargetPlatform
[2018.11.02-12.15.03:531][  0]LogTemp: Display: Loaded TP AndroidTargetPlatform
[2018.11.02-12.15.03:531][  0]LogTemp: Display: Loaded TP AndroidTargetPlatform
[2018.11.02-12.15.03:531][  0]LogTemp: Display: Loaded TP AndroidTargetPlatform
[2018.11.02-12.15.03:531][  0]LogTemp: Display: Loaded TP AndroidTargetPlatform
[2018.11.02-12.15.03:531][  0]LogTemp: Display: Loaded TP AndroidTargetPlatform
[2018.11.02-12.15.03:531][  0]LogTemp: Display: Loaded TP AndroidTargetPlatform
[2018.11.02-12.15.03:531][  0]LogTemp: Display: Loaded TP AndroidTargetPlatform
[2018.11.02-12.15.03:531][  0]LogTemp: Display: Loaded TP AndroidTargetPlatform
[2018.11.02-12.15.03:531][  0]LogTemp: Display: Loaded TP AndroidTargetPlatform
[2018.11.02-12.15.03:531][  0]LogTemp: Display: Loaded TP AndroidTargetPlatform
[2018.11.02-12.15.03:531][  0]LogTemp: Display: Loaded TP AndroidTargetPlatform
[2018.11.02-12.15.03:531][  0]LogTemp: Display: Loaded TP AndroidTargetPlatform
[2018.11.02-12.15.03:531][  0]LogTemp: Display: Loaded TP AndroidTargetPlatform
[2018.11.02-12.15.03:532][  0]LogTemp: Display: Loaded TP HTML5TargetPlatform
[2018.11.02-12.15.03:596][  0]LogTemp: Display: Loaded TP IOSTargetPlatform
[2018.11.02-12.15.03:596][  0]LogTemp: Display: Loaded TP IOSTargetPlatform
[2018.11.02-12.15.03:622][  0]LogTemp: Display: Loaded TP TVOSTargetPlatform
[2018.11.02-12.15.03:623][  0]LogTemp: Display: Loaded TP TVOSTargetPlatform
[2018.11.02-12.15.03:635][  0]LogTemp: Display: Loaded TP LinuxClientTargetPlatform
[2018.11.02-12.15.03:649][  0]LogTemp: Display: Loaded TP LinuxNoEditorTargetPlatform
[2018.11.02-12.15.03:662][  0]LogTemp: Display: Loaded TP LinuxServerTargetPlatform
[2018.11.02-12.15.03:678][  0]LogTemp: Display: Loaded TP LinuxTargetPlatform
[2018.11.02-12.15.03:689][  0]LogTemp: Display: Loaded TP LuminTargetPlatform
[2018.11.02-12.15.03:689][  0]LogTargetPlatformManager: Display: Building Assets For Windows
[2018.11.02-12.15.03:790][  0]LogXGEController: Cannot use XGE Controller as Incredibuild is not installed on this machine.
[2018.11.02-12.15.03:790][  0]LogShaderCompilers: Cannot use XGE Shader Compiler as Incredibuild is not installed on this machine.
[2018.11.02-12.15.03:790][  0]LogShaderCompilers: Display: Using Local Shader Compiler.
[2018.11.02-12.15.04:581][  0]LogDerivedDataCache: Display: Max Cache Size: 512 MB
[2018.11.02-12.15.04:654][  0]LogDerivedDataCache: Loaded boot cache 0.07s 87MB C:/Users/serxr/AppData/Local/UnrealEngine/4.20/DerivedDataCache/Boot.ddc.
[2018.11.02-12.15.04:655][  0]LogDerivedDataCache: Display: Loaded Boot cache: C:/Users/serxr/AppData/Local/UnrealEngine/4.20/DerivedDataCache/Boot.ddc
[2018.11.02-12.15.04:655][  0]LogDerivedDataCache: FDerivedDataBackendGraph:  Pak pak cache file ../../../../../MetroidVania/GenericName/DerivedDataCache/DDC.ddp not found, will not use a pak cache.
[2018.11.02-12.15.04:655][  0]LogDerivedDataCache: Unable to find inner node Pak for hierarchical cache Hierarchy.
[2018.11.02-12.15.04:655][  0]LogDerivedDataCache: FDerivedDataBackendGraph:  CompressedPak pak cache file ../../../../../MetroidVania/GenericName/DerivedDataCache/Compressed.ddp not found, will not use a pak cache.
[2018.11.02-12.15.04:655][  0]LogDerivedDataCache: Unable to find inner node CompressedPak for hierarchical cache Hierarchy.
[2018.11.02-12.15.04:668][  0]LogDerivedDataCache: Display: Pak cache opened for reading ../../../Engine/DerivedDataCache/Compressed.ddp.
[2018.11.02-12.15.04:682][  0]LogDerivedDataCache: Using Local data cache path C:/Users/serxr/AppData/Local/UnrealEngine/Common/DerivedDataCache: Writable
[2018.11.02-12.15.04:682][  0]LogDerivedDataCache: Shared data cache path not found in *engine.ini, will not use an Shared cache.
[2018.11.02-12.15.04:682][  0]LogDerivedDataCache: Unable to find inner node Shared for hierarchical cache Hierarchy.
[2018.11.02-12.15.04:701][  0]LogMaterial: Verifying Global Shaders for PCD3D_SM5
[2018.11.02-12.15.04:703][  0]LogSlate: Using FreeType 2.6.0
[2018.11.02-12.15.04:704][  0]LogSlate: SlateFontServices - WITH_FREETYPE: 1, WITH_HARFBUZZ: 1
[2018.11.02-12.15.04:789][  0]LogAssetRegistry: FAssetRegistry took 0.0286 seconds to start up
[2018.11.02-12.15.05:122][  0]LogInit: Selected Device Profile: [Windows]
[2018.11.02-12.15.05:284][  0]LogSimplygon: Simplygon DLL not present - disabling.
[2018.11.02-12.15.05:288][  0]LogMeshReduction: Using SimplygonSwarm for distributed automatic mesh merging
[2018.11.02-12.15.05:288][  0]LogMeshReduction: Using ProxyLODMeshReduction for automatic mesh merging
[2018.11.02-12.15.05:288][  0]LogMeshReduction: Using QuadricMeshReduction for automatic static mesh reduction
[2018.11.02-12.15.05:288][  0]LogMeshReduction: No automatic skeletal mesh reduction module available
[2018.11.02-12.15.05:309][  0]LogNetVersion: GenericName 1.0.0, NetCL: 4212847, EngineNetVer: 5, GameNetVer: 0 (Checksum: 1666215262)
[2018.11.02-12.15.05:841][  0]LogPackageLocalizationCache: Processed 11 localized package path(s) for 1 prioritized culture(s) in 0.064570 seconds
[2018.11.02-12.15.05:849][  0]LogUObjectArray: 38425 objects as part of root set at end of initial load.
[2018.11.02-12.15.05:849][  0]LogUObjectAllocator: 6690864 out of 0 bytes used by permanent object pool.
[2018.11.02-12.15.05:849][  0]LogUObjectArray: CloseDisregardForGC: 0/0 objects in disregard for GC pool
[2018.11.02-12.15.06:834][  0]LogTcpMessaging: Initializing TcpMessaging bridge
[2018.11.02-12.15.06:847][  0]LogUdpMessaging: Initializing bridge on interface 0.0.0.0:0 to multicast group 230.0.0.1:6666.
[2018.11.02-12.15.07:005][  0]SourceControl: Source control is disabled
[2018.11.02-12.15.07:700][  0]LogAndroidPermission: UAndroidPermissionCallbackProxy::GetInstance
[2018.11.02-12.15.07:783][  0]LogOcInput: OculusInput pre-init called
[2018.11.02-12.15.07:858][  0]LogEngine: Initializing Engine...
[2018.11.02-12.15.07:859][  0]LogHMD: Failed to initialize OpenVR with code 110
[2018.11.02-12.15.07:860][  0]LogStats: UGameplayTagsManager::ConstructGameplayTagTree: ImportINI prefixes -  0.000 s
[2018.11.02-12.15.07:860][  0]LogStats: UGameplayTagsManager::ConstructGameplayTagTree: Construct from data asset -  0.000 s
[2018.11.02-12.15.07:860][  0]LogStats: UGameplayTagsManager::ConstructGameplayTagTree: ImportINI -  0.000 s
[2018.11.02-12.15.07:860][  0]LogStats: UGameplayTagsManager::ConstructGameplayTagTree: GameplayTagTreeChangedEvent.Broadcast -  0.000 s
[2018.11.02-12.15.08:136][  0]LogInit: Initializing FReadOnlyCVARCache
[2018.11.02-12.15.08:152][  0]LogAIModule: Creating AISystem for world Untitled
[2018.11.02-12.15.08:173][  0]LogInit: XAudio2 using 'Speakers (Realtek High Definition Audio)' : 2 channels at 48 kHz using 32 bits per sample (channel mask 0x3)
[2018.11.02-12.15.08:254][  0]LogInit: FAudioDevice initialized.
[2018.11.02-12.15.08:254][  0]LogNetVersion: Set ProjectVersion to 1.0.0.0. Version Checksum will be recalculated on next use.
[2018.11.02-12.15.08:352][  0]LogDerivedDataCache: Saved boot cache 0.10s 71MB C:/Users/serxr/AppData/Local/UnrealEngine/4.20/DerivedDataCache/Boot.ddc.
[2018.11.02-12.15.08:364][  0]LogInit: Texture streaming: Enabled
[2018.11.02-12.15.08:381][  0]LogEngineSessionManager: EngineSessionManager initialized
[2018.11.02-12.15.08:445][  0]LogInit: Transaction tracking system initialized
[2018.11.02-12.15.08:463][  0]BlueprintLog: New page: Editor Load
[2018.11.02-12.15.08:533][  0]LocalizationService: Localization service is disabled
[2018.11.02-12.15.08:807][  0]LogCook: Display: Max memory allowance for cook 16384mb min free memory 0mb
[2018.11.02-12.15.08:807][  0]LogCook: Display: Mobile HDR setting 0
[2018.11.02-12.15.08:807][  0]LogGameplayTags: Display: UGameplayTagsManager::DoneAddingNativeTags. DelegateIsBound: 0
[2018.11.02-12.15.08:807][  0]LogStats: UGameplayTagsManager::ConstructGameplayTagTree: ImportINI prefixes -  0.000 s
[2018.11.02-12.15.08:807][  0]LogStats: UGameplayTagsManager::ConstructGameplayTagTree: Construct from data asset -  0.000 s
[2018.11.02-12.15.08:807][  0]LogStats: UGameplayTagsManager::ConstructGameplayTagTree: ImportINI -  0.000 s
[2018.11.02-12.15.08:807][  0]LogStats: UGameplayTagsManager::ConstructGameplayTagTree: GameplayTagTreeChangedEvent.Broadcast -  0.000 s
[2018.11.02-12.15.08:850][  0]LogFileCache: Scanning file cache for directory 'D:/MetroidVania/GenericName/Content/' took 0.01s
[2018.11.02-12.15.08:934][  0]Cmd: MAP LOAD FILE="../../../../../MetroidVania/GenericName/Content/SideScrollerBP/Maps/SideScrollerExampleMap.umap" TEMPLATE=0 SHOWPROGRESS=1 FEATURELEVEL=3
[2018.11.02-12.15.08:934][  0]LightingResults: New page: Lighting Build
[2018.11.02-12.15.08:937][  0]MapCheck: New page: Map Check
[2018.11.02-12.15.08:937][  0]LightingResults: New page: Lighting Build
[2018.11.02-12.15.09:509][  0]LogAIModule: Creating AISystem for world SideScrollerExampleMap
[2018.11.02-12.15.09:528][  0]LogEditorServer: Finished looking for orphan Actors (0.000 secs)
[2018.11.02-12.15.09:562][  0]Cmd: MAP CHECKDEP NOCLEARLOG
[2018.11.02-12.15.09:630][  0]MapCheck: Map check complete: 0 Error(s), 0 Warning(s), took 68.717ms to complete.
[2018.11.02-12.15.09:630][  0]LogFileHelpers: Loading map 'SideScrollerExampleMap' took 0.697
[2018.11.02-12.15.09:725][  0]LogSlate: Updating window title bar state: overlay mode, drag disabled, window buttons hidden, title bar hidden
[2018.11.02-12.15.09:737][  0]LogSlate: Updating window title bar state: overlay mode, drag disabled, window buttons hidden, title bar hidden
[2018.11.02-12.15.09:749][  0]LogSlate: Updating window title bar state: overlay mode, drag disabled, window buttons hidden, title bar hidden
[2018.11.02-12.15.09:761][  0]LogSlate: Updating window title bar state: overlay mode, drag disabled, window buttons hidden, title bar hidden
[2018.11.02-12.15.09:766][  0]LogCollectionManager: Loaded 0 collections in 0.000975 seconds
[2018.11.02-12.15.09:809][  0]LogFileCache: Scanning file cache for directory 'D:/MetroidVania/GenericName/Saved/Collections/' took 0.01s
[2018.11.02-12.15.09:809][  0]LogFileCache: Scanning file cache for directory 'D:/MetroidVania/GenericName/Content/Developers/serxr/Collections/' took 0.01s
[2018.11.02-12.15.09:809][  0]LogFileCache: Scanning file cache for directory 'D:/MetroidVania/GenericName/Content/Collections/' took 0.01s
[2018.11.02-12.15.09:809][  0]LogCollectionManager: Rebuilt the GUID cache for 0 collections in 0.000000 seconds
[2018.11.02-12.15.09:821][  0]LogContentBrowser: Native class hierarchy populated in 0.0122 seconds. Added 2572 classes and 603 folders.
[2018.11.02-12.15.09:826][  0]LogContentBrowser: Native class hierarchy updated for 'WidgetCarousel' in 0.0003 seconds. Added 0 classes and 0 folders.
[2018.11.02-12.15.09:894][  0]LogContentBrowser: Native class hierarchy updated for 'AddContentDialog' in 0.0002 seconds. Added 0 classes and 0 folders.
[2018.11.02-12.15.09:900][  0]LogContentBrowser: Native class hierarchy updated for 'SceneOutliner' in 0.0003 seconds. Added 1 classes and 2 folders.
[2018.11.02-12.15.09:917][  0]LogSlate: Took 0.000254 seconds to synchronously load lazily loaded font '../../../Engine/Content/Slate/Fonts/Roboto-Regular.ttf' (155K)
[2018.11.02-12.15.09:921][  0]LogSlate: Took 0.000356 seconds to synchronously load lazily loaded font '../../../Engine/Content/Slate/Fonts/Roboto-Bold.ttf' (160K)
[2018.11.02-12.15.09:929][  0]LogSlate: Took 0.000240 seconds to synchronously load lazily loaded font '../../../Engine/Content/Editor/Slate/Fonts/FontAwesome.ttf' (139K)
[2018.11.02-12.15.10:038][  0]LogRenderer: Reallocating scene render targets to support 964x436 Format 10 NumSamples 1 (Frame:1).
[2018.11.02-12.15.10:719][  0]LogContentBrowser: Native class hierarchy updated for 'HierarchicalLODOutliner' in 0.0003 seconds. Added 0 classes and 0 folders.
[2018.11.02-12.15.10:719][  0]LogLoad: (Engine Initialization) Total time: 10.70 seconds
[2018.11.02-12.15.10:720][  0]LogLoad: (Engine Initialization) Total Blueprint compile time: 0.00 seconds
[2018.11.02-12.15.10:758][  0]LogContentStreaming: Texture pool size now 1000 MB
[2018.11.02-12.15.10:790][  0]LogSlate: Took 0.000221 seconds to synchronously load lazily loaded font '../../../Engine/Content/Slate/Fonts/Roboto-Light.ttf' (167K)
[2018.11.02-12.15.11:096][  1]LogAssetRegistry: Asset discovery search completed in 6.3296 seconds
[2018.11.02-12.15.11:099][  1]LogCollectionManager: Rebuilt the object cache for 0 collections in 0.000000 seconds (found 0 objects)
[2018.11.02-12.15.11:099][  1]LogCollectionManager: Fixed up redirectors for 0 collections in 0.000074 seconds (updated 0 objects)
[2018.11.02-12.15.12:145][  5]LogSlate: Took 0.000203 seconds to synchronously load lazily loaded font '../../../Engine/Content/Slate/Fonts/Roboto-Light.ttf' (167K)
[2018.11.02-12.15.13:806][107]LogSlate: FSceneViewport::OnFocusLost() reason 0
[2018.11.02-12.15.13:920][111]LogAssetEditorManager: Opening Asset editor for Blueprint /Game/SideScrollerBP/Blueprints/Coins.Coins
[2018.11.02-12.15.14:477][111]LogContentBrowser: Native class hierarchy updated for 'BlueprintGraph' in 0.0008 seconds. Added 116 classes and 0 folders.
[2018.11.02-12.15.15:375][111]LogAssetEditorManager: Opening Asset editor for Blueprint /Game/SideScrollerBP/Blueprints/Accelerator.Accelerator
[2018.11.02-12.15.15:743][111]LogAssetEditorManager: Opening Asset editor for WidgetBlueprint /Game/SideScrollerBP/Widgets/Accorns.Accorns
[2018.11.02-12.15.16:108][111]LogLinker: Warning: Can't resolve asset name
[2018.11.02-12.15.16:121][111]LogSlate: Took 0.000547 seconds to synchronously load lazily loaded font '../../../Engine/Content/Slate/Fonts/Roboto-BoldCondensed.ttf' (158K)
[2018.11.02-12.15.18:759][173]LogSlate: Took 0.000237 seconds to synchronously load lazily loaded font '../../../Engine/Content/Slate/Fonts/Roboto-Italic.ttf' (157K)
[2018.11.02-12.15.21:860][325]LogSlate: Window 'Coins' being destroyed
[2018.11.02-12.15.23:363][395]LogTemp: Repeating last play command: Selected Viewport
[2018.11.02-12.15.23:392][395]LogBlueprintUserMessages: Early PlayInEditor Detection: Level '/Game/SideScrollerBP/Maps/SideScrollerExampleMap.SideScrollerExampleMap:PersistentLevel' has LevelScriptBlueprint '/Game/SideScrollerBP/Maps/SideScrollerExampleMap.SideScrollerExampleMap:PersistentLevel.SideScrollerExampleMap' with GeneratedClass '/Game/SideScrollerBP/Maps/SideScrollerExampleMap.SideScrollerExampleMap_C' with ClassGeneratedBy '/Game/SideScrollerBP/Maps/SideScrollerExampleMap.SideScrollerExampleMap:PersistentLevel.SideScrollerExampleMap'
[2018.11.02-12.15.23:393][395]LogPlayLevel: PlayLevel: No blueprints needed recompiling
[2018.11.02-12.15.23:405][395]PIE: New page: PIE session: SideScrollerExampleMap (Nov 2, 2018, 2:15:23 PM)
[2018.11.02-12.15.23:405][395]LogPlayLevel: Creating play world package: /Game/SideScrollerBP/Maps/UEDPIE_0_SideScrollerExampleMap
[2018.11.02-12.15.23:446][395]LogPlayLevel: PIE: StaticDuplicateObject took: (0.041785s)
[2018.11.02-12.15.23:447][395]LogAIModule: Creating AISystem for world SideScrollerExampleMap
[2018.11.02-12.15.23:447][395]LogPlayLevel: PIE: World Init took: (0.000828s)
[2018.11.02-12.15.23:447][395]LogPlayLevel: PIE: Created PIE world by copying editor world from /Game/SideScrollerBP/Maps/SideScrollerExampleMap.SideScrollerExampleMap to /Game/SideScrollerBP/Maps/UEDPIE_0_SideScrollerExampleMap.SideScrollerExampleMap (0.042763s)
[2018.11.02-12.15.23:483][395]LogInit: XAudio2 using 'Speakers (Realtek High Definition Audio)' : 2 channels at 48 kHz using 32 bits per sample (channel mask 0x3)
[2018.11.02-12.15.23:548][395]LogInit: FAudioDevice initialized.
[2018.11.02-12.15.23:596][395]LogLinker: Warning: Can't find file '/Game/SideScrollerBP/Blueprints/SideScrollerCharacter'
[2018.11.02-12.15.23:596][395]LogLinker: Warning: Can't find file for asset '/Game/SideScrollerBP/Blueprints/SideScrollerCharacter' while loading ../../../../../MetroidVania/GenericName/Content/SideScrollerBP/Blueprints/SideScrollerGameMode.uasset.
[2018.11.02-12.15.23:596][395]LoadErrors: Error: /Game/SideScrollerBP/Blueprints/SideScrollerGameMode : Can't find file for asset. /Game/SideScrollerBP/Blueprints/SideScrollerCharacter
[2018.11.02-12.15.23:596][395]LogLinker: Warning: Can't find file '/Game/SideScrollerBP/Blueprints/SideScrollerCharacter'
[2018.11.02-12.15.23:597][395]LogLinker: Warning: Can't find file for asset '/Game/SideScrollerBP/Blueprints/SideScrollerCharacter' while loading ../../../../../MetroidVania/GenericName/Content/SideScrollerBP/Blueprints/SideScrollerGameMode.uasset.
[2018.11.02-12.15.23:597][395]LogLinker: Warning: Can't find file '/Game/SideScrollerBP/Blueprints/SideScrollerCharacter'
[2018.11.02-12.15.23:597][395]LogLinker: Warning: Can't find file for asset '/Game/SideScrollerBP/Blueprints/SideScrollerCharacter' while loading NULL.
[2018.11.02-12.15.23:597][395]LogLinker: Warning: Can't find file '/Game/SideScrollerBP/Blueprints/SideScrollerCharacter'
[2018.11.02-12.15.23:597][395]LogLinker: Warning: Can't find file for asset '/Game/SideScrollerBP/Blueprints/SideScrollerCharacter' while loading NULL.
[2018.11.02-12.15.23:598][395]LogLinker: Warning: Can't find file '/Game/SideScrollerBP/Blueprints/SideScrollerCharacter'
[2018.11.02-12.15.23:598][395]LoadErrors: Failed to load /Game/SideScrollerBP/Blueprints/SideScrollerCharacter.SideScrollerCharacter_C Referenced by Default__SideScrollerGameMode_C
[2018.11.02-12.15.23:598][395]LogLinker: Warning: Can't find file for asset '/Game/SideScrollerBP/Blueprints/SideScrollerCharacter' while loading NULL.
[2018.11.02-12.15.23:600][395]LogLoad: Game class is 'SideScrollerGameMode_C'
[2018.11.02-12.15.23:604][395]LogWorld: Bringing World /Game/SideScrollerBP/Maps/UEDPIE_0_SideScrollerExampleMap.SideScrollerExampleMap up for play (max tick rate 0) at 2018.11.02-13.15.23
[2018.11.02-12.15.23:605][395]LogWorld: Bringing up level for play took: 0.003708
[2018.11.02-12.15.23:622][395]LogContentBrowser: Native class hierarchy updated for 'MovieSceneCapture' in 0.0003 seconds. Added 10 classes and 0 folders.
[2018.11.02-12.15.23:623][395]PIE: Play in editor start time for /Game/SideScrollerBP/Maps/UEDPIE_0_SideScrollerExampleMap 0.06
[2018.11.02-12.15.23:623][395]LogBlueprintUserMessages: Late PlayInEditor Detection: Level '/Game/SideScrollerBP/Maps/SideScrollerExampleMap.SideScrollerExampleMap:PersistentLevel' has LevelScriptBlueprint '/Game/SideScrollerBP/Maps/SideScrollerExampleMap.SideScrollerExampleMap:PersistentLevel.SideScrollerExampleMap' with GeneratedClass '/Game/SideScrollerBP/Maps/SideScrollerExampleMap.SideScrollerExampleMap_C' with ClassGeneratedBy '/Game/SideScrollerBP/Maps/SideScrollerExampleMap.SideScrollerExampleMap:PersistentLevel.SideScrollerExampleMap'
[2018.11.02-12.15.25:722][474]LogBlueprintUserMessages: [SideScrollerCharacter_78] 1
[2018.11.02-12.15.27:252][539]LogBlueprintUserMessages: Early EndPlayMap Detection: Level '/Game/SideScrollerBP/Maps/SideScrollerExampleMap.SideScrollerExampleMap:PersistentLevel' has LevelScriptBlueprint '/Game/SideScrollerBP/Maps/SideScrollerExampleMap.SideScrollerExampleMap:PersistentLevel.SideScrollerExampleMap' with GeneratedClass '/Game/SideScrollerBP/Maps/SideScrollerExampleMap.SideScrollerExampleMap_C' with ClassGeneratedBy '/Game/SideScrollerBP/Maps/SideScrollerExampleMap.SideScrollerExampleMap:PersistentLevel.SideScrollerExampleMap'
[2018.11.02-12.15.27:253][539]LogSlate: Updating window title bar state: overlay mode, drag disabled, window buttons hidden, title bar hidden
[2018.11.02-12.15.27:325][539]LogPlayLevel: Display: Shutting down PIE online subsystems
[2018.11.02-12.15.27:326][539]LogBlueprintUserMessages: Late EndPlayMap Detection: Level '/Game/SideScrollerBP/Maps/SideScrollerExampleMap.SideScrollerExampleMap:PersistentLevel' has LevelScriptBlueprint '/Game/SideScrollerBP/Maps/SideScrollerExampleMap.SideScrollerExampleMap:PersistentLevel.SideScrollerExampleMap' with GeneratedClass '/Game/SideScrollerBP/Maps/SideScrollerExampleMap.SideScrollerExampleMap_C' with ClassGeneratedBy '/Game/SideScrollerBP/Maps/SideScrollerExampleMap.SideScrollerExampleMap:PersistentLevel.SideScrollerExampleMap'
[2018.11.02-12.15.27:357][539]LogSlate: Updating window title bar state: overlay mode, drag disabled, window buttons hidden, title bar hidden
[2018.11.02-12.15.27:392][540]LogPlayLevel: Display: Destroying online subsystem :Context_8
[2018.11.02-12.15.38:523][661]LogFactory: FactoryCreateFile: Texture with ReimportTextureFactory (0 0 C:/Users/serxr/Downloads/Apunts IA/kisspng-acorn-clip-art-5af6b00d604277.0547850015261163653943.jpg)
[2018.11.02-12.15.38:531][661]LogTexture: Display: Building textures: kisspng-acorn-clip-art-5af6b00d604277_0547850015261163653943 (AutoDXT, 900X660)
[2018.11.02-12.15.41:332][746]LogSavePackage: Moving '../../../../../MetroidVania/GenericName/Saved/SideScrollerExampleMap2C299E0245612F0E1B31FFAD6B369C99.tmp' to '../../../../../MetroidVania/GenericName/Content/SideScrollerBP/Maps/SideScrollerExampleMap.umap'
[2018.11.02-12.15.41:846][746]LogSavePackage: Moving '../../../../../MetroidVania/GenericName/Saved/SideScrollerExampleMap_BuiltDataBE58C7384250D8AE41996C9384350A3C.tmp' to '../../../../../MetroidVania/GenericName/Content/SideScrollerBP/Maps/SideScrollerExampleMap_BuiltData.uasset'
[2018.11.02-12.16.25:171][242]Cmd: OBJ SAVEPACKAGE PACKAGE="/Game/SideScrollerBP/Widgets/Accorns" FILE="../../../../../MetroidVania/GenericName/Content/SideScrollerBP/Widgets/Accorns.uasset" SILENT=true
[2018.11.02-12.16.25:198][242]LogSavePackage: Moving '../../../../../MetroidVania/GenericName/Saved/Accorns18447F034131581C2ADC1AAFF6298904.tmp' to '../../../../../MetroidVania/GenericName/Content/SideScrollerBP/Widgets/Accorns.uasset'
[2018.11.02-12.16.25:613][276]BlueprintLog: New page: Compile Accorns
[2018.11.02-12.16.27:114][351]LogTemp: Repeating last play command: Selected Viewport
[2018.11.02-12.16.27:155][351]LogBlueprintUserMessages: Early PlayInEditor Detection: Level '/Game/SideScrollerBP/Maps/SideScrollerExampleMap.SideScrollerExampleMap:PersistentLevel' has LevelScriptBlueprint '/Game/SideScrollerBP/Maps/SideScrollerExampleMap.SideScrollerExampleMap:PersistentLevel.SideScrollerExampleMap' with GeneratedClass '/Game/SideScrollerBP/Maps/SideScrollerExampleMap.SideScrollerExampleMap_C' with ClassGeneratedBy '/Game/SideScrollerBP/Maps/SideScrollerExampleMap.SideScrollerExampleMap:PersistentLevel.SideScrollerExampleMap'
[2018.11.02-12.16.27:155][351]LogPlayLevel: PlayLevel: No blueprints needed recompiling
[2018.11.02-12.16.27:155][351]PIE: New page: PIE session: SideScrollerExampleMap (Nov 2, 2018, 2:16:27 PM)
[2018.11.02-12.16.27:155][351]LogPlayLevel: Creating play world package: /Game/SideScrollerBP/Maps/UEDPIE_0_SideScrollerExampleMap
[2018.11.02-12.16.27:166][351]LogPlayLevel: PIE: StaticDuplicateObject took: (0.011072s)
[2018.11.02-12.16.27:167][351]LogAIModule: Creating AISystem for world SideScrollerExampleMap
[2018.11.02-12.16.27:167][351]LogPlayLevel: PIE: World Init took: (0.000948s)
[2018.11.02-12.16.27:167][351]LogPlayLevel: PIE: Created PIE world by copying editor world from /Game/SideScrollerBP/Maps/SideScrollerExampleMap.SideScrollerExampleMap to /Game/SideScrollerBP/Maps/UEDPIE_0_SideScrollerExampleMap.SideScrollerExampleMap (0.012152s)
[2018.11.02-12.16.27:207][351]LogInit: XAudio2 using 'Speakers (Realtek High Definition Audio)' : 2 channels at 48 kHz using 32 bits per sample (channel mask 0x3)
[2018.11.02-12.16.27:275][351]LogInit: FAudioDevice initialized.
[2018.11.02-12.16.27:307][351]LogLoad: Game class is 'SideScrollerGameMode_C'
[2018.11.02-12.16.27:309][351]LogWorld: Bringing World /Game/SideScrollerBP/Maps/UEDPIE_0_SideScrollerExampleMap.SideScrollerExampleMap up for play (max tick rate 0) at 2018.11.02-13.16.27
[2018.11.02-12.16.27:310][351]LogWorld: Bringing up level for play took: 0.001705
[2018.11.02-12.16.27:323][351]PIE: Play in editor start time for /Game/SideScrollerBP/Maps/UEDPIE_0_SideScrollerExampleMap -0.24
[2018.11.02-12.16.27:323][351]LogBlueprintUserMessages: Late PlayInEditor Detection: Level '/Game/SideScrollerBP/Maps/SideScrollerExampleMap.SideScrollerExampleMap:PersistentLevel' has LevelScriptBlueprint '/Game/SideScrollerBP/Maps/SideScrollerExampleMap.SideScrollerExampleMap:PersistentLevel.SideScrollerExampleMap' with GeneratedClass '/Game/SideScrollerBP/Maps/SideScrollerExampleMap.SideScrollerExampleMap_C' with ClassGeneratedBy '/Game/SideScrollerBP/Maps/SideScrollerExampleMap.SideScrollerExampleMap:PersistentLevel.SideScrollerExampleMap'
[2018.11.02-12.16.29:305][432]LogBlueprintUserMessages: [SideScrollerCharacter_78] 1
[2018.11.02-12.16.31:257][513]LogBlueprintUserMessages: Early EndPlayMap Detection: Level '/Game/SideScrollerBP/Maps/SideScrollerExampleMap.SideScrollerExampleMap:PersistentLevel' has LevelScriptBlueprint '/Game/SideScrollerBP/Maps/SideScrollerExampleMap.SideScrollerExampleMap:PersistentLevel.SideScrollerExampleMap' with GeneratedClass '/Game/SideScrollerBP/Maps/SideScrollerExampleMap.SideScrollerExampleMap_C' with ClassGeneratedBy '/Game/SideScrollerBP/Maps/SideScrollerExampleMap.SideScrollerExampleMap:PersistentLevel.SideScrollerExampleMap'
[2018.11.02-12.16.31:258][513]LogSlate: Updating window title bar state: overlay mode, drag disabled, window buttons hidden, title bar hidden
[2018.11.02-12.16.31:333][513]LogPlayLevel: Display: Shutting down PIE online subsystems
[2018.11.02-12.16.31:334][513]LogBlueprintUserMessages: Late EndPlayMap Detection: Level '/Game/SideScrollerBP/Maps/SideScrollerExampleMap.SideScrollerExampleMap:PersistentLevel' has LevelScriptBlueprint '/Game/SideScrollerBP/Maps/SideScrollerExampleMap.SideScrollerExampleMap:PersistentLevel.SideScrollerExampleMap' with GeneratedClass '/Game/SideScrollerBP/Maps/SideScrollerExampleMap.SideScrollerExampleMap_C' with ClassGeneratedBy '/Game/SideScrollerBP/Maps/SideScrollerExampleMap.SideScrollerExampleMap:PersistentLevel.SideScrollerExampleMap'
[2018.11.02-12.16.31:369][513]LogSlate: Updating window title bar state: overlay mode, drag disabled, window buttons hidden, title bar hidden
[2018.11.02-12.16.31:385][514]LogPlayLevel: Display: Destroying online subsystem :Context_10
[2018.11.02-12.16.45:000][598]Cmd: OBJ SAVEPACKAGE PACKAGE="/Game/SideScrollerBP/Widgets/Accorns" FILE="../../../../../MetroidVania/GenericName/Content/SideScrollerBP/Widgets/Accorns.uasset" SILENT=true
[2018.11.02-12.16.45:025][598]LogSavePackage: Moving '../../../../../MetroidVania/GenericName/Saved/Accorns9257884142D75ADCF8B33F8D0672724B.tmp' to '../../../../../MetroidVania/GenericName/Content/SideScrollerBP/Widgets/Accorns.uasset'
[2018.11.02-12.16.45:496][635]BlueprintLog: New page: Compile Accorns
[2018.11.02-12.16.46:964][713]LogTemp: Repeating last play command: Selected Viewport
[2018.11.02-12.16.46:995][713]LogBlueprintUserMessages: Early PlayInEditor Detection: Level '/Game/SideScrollerBP/Maps/SideScrollerExampleMap.SideScrollerExampleMap:PersistentLevel' has LevelScriptBlueprint '/Game/SideScrollerBP/Maps/SideScrollerExampleMap.SideScrollerExampleMap:PersistentLevel.SideScrollerExampleMap' with GeneratedClass '/Game/SideScrollerBP/Maps/SideScrollerExampleMap.SideScrollerExampleMap_C' with ClassGeneratedBy '/Game/SideScrollerBP/Maps/SideScrollerExampleMap.SideScrollerExampleMap:PersistentLevel.SideScrollerExampleMap'
[2018.11.02-12.16.46:995][713]LogPlayLevel: PlayLevel: No blueprints needed recompiling
[2018.11.02-12.16.46:995][713]PIE: New page: PIE session: SideScrollerExampleMap (Nov 2, 2018, 2:16:46 PM)
[2018.11.02-12.16.46:995][713]LogPlayLevel: Creating play world package: /Game/SideScrollerBP/Maps/UEDPIE_0_SideScrollerExampleMap
[2018.11.02-12.16.47:008][713]LogPlayLevel: PIE: StaticDuplicateObject took: (0.012991s)
[2018.11.02-12.16.47:009][713]LogAIModule: Creating AISystem for world SideScrollerExampleMap
[2018.11.02-12.16.47:009][713]LogPlayLevel: PIE: World Init took: (0.000753s)
[2018.11.02-12.16.47:009][713]LogPlayLevel: PIE: Created PIE world by copying editor world from /Game/SideScrollerBP/Maps/SideScrollerExampleMap.SideScrollerExampleMap to /Game/SideScrollerBP/Maps/UEDPIE_0_SideScrollerExampleMap.SideScrollerExampleMap (0.013872s)
[2018.11.02-12.16.47:039][713]LogInit: XAudio2 using 'Speakers (Realtek High Definition Audio)' : 2 channels at 48 kHz using 32 bits per sample (channel mask 0x3)
[2018.11.02-12.16.47:105][713]LogInit: FAudioDevice initialized.
[2018.11.02-12.16.47:136][713]LogLoad: Game class is 'SideScrollerGameMode_C'
[2018.11.02-12.16.47:142][713]LogWorld: Bringing World /Game/SideScrollerBP/Maps/UEDPIE_0_SideScrollerExampleMap.SideScrollerExampleMap up for play (max tick rate 0) at 2018.11.02-13.16.47
[2018.11.02-12.16.47:143][713]LogWorld: Bringing up level for play took: 0.004400
[2018.11.02-12.16.47:157][713]PIE: Play in editor start time for /Game/SideScrollerBP/Maps/UEDPIE_0_SideScrollerExampleMap -0.405
[2018.11.02-12.16.47:158][713]LogBlueprintUserMessages: Late PlayInEditor Detection: Level '/Game/SideScrollerBP/Maps/SideScrollerExampleMap.SideScrollerExampleMap:PersistentLevel' has LevelScriptBlueprint '/Game/SideScrollerBP/Maps/SideScrollerExampleMap.SideScrollerExampleMap:PersistentLevel.SideScrollerExampleMap' with GeneratedClass '/Game/SideScrollerBP/Maps/SideScrollerExampleMap.SideScrollerExampleMap_C' with ClassGeneratedBy '/Game/SideScrollerBP/Maps/SideScrollerExampleMap.SideScrollerExampleMap:PersistentLevel.SideScrollerExampleMap'
[2018.11.02-12.16.49:160][794]LogBlueprintUserMessages: [SideScrollerCharacter_78] 1
[2018.11.02-12.16.56:495][106]LogBlueprintUserMessages: Early EndPlayMap Detection: Level '/Game/SideScrollerBP/Maps/SideScrollerExampleMap.SideScrollerExampleMap:PersistentLevel' has LevelScriptBlueprint '/Game/SideScrollerBP/Maps/SideScrollerExampleMap.SideScrollerExampleMap:PersistentLevel.SideScrollerExampleMap' with GeneratedClass '/Game/SideScrollerBP/Maps/SideScrollerExampleMap.SideScrollerExampleMap_C' with ClassGeneratedBy '/Game/SideScrollerBP/Maps/SideScrollerExampleMap.SideScrollerExampleMap:PersistentLevel.SideScrollerExampleMap'
[2018.11.02-12.16.56:495][106]LogSlate: Updating window title bar state: overlay mode, drag disabled, window buttons hidden, title bar hidden
[2018.11.02-12.16.56:552][106]LogPlayLevel: Display: Shutting down PIE online subsystems
[2018.11.02-12.16.56:553][106]LogBlueprintUserMessages: Late EndPlayMap Detection: Level '/Game/SideScrollerBP/Maps/SideScrollerExampleMap.SideScrollerExampleMap:PersistentLevel' has LevelScriptBlueprint '/Game/SideScrollerBP/Maps/SideScrollerExampleMap.SideScrollerExampleMap:PersistentLevel.SideScrollerExampleMap' with GeneratedClass '/Game/SideScrollerBP/Maps/SideScrollerExampleMap.SideScrollerExampleMap_C' with ClassGeneratedBy '/Game/SideScrollerBP/Maps/SideScrollerExampleMap.SideScrollerExampleMap:PersistentLevel.SideScrollerExampleMap'
[2018.11.02-12.16.56:601][106]LogSlate: Updating window title bar state: overlay mode, drag disabled, window buttons hidden, title bar hidden
[2018.11.02-12.16.56:615][107]LogPlayLevel: Display: Destroying online subsystem :Context_11
[2018.11.02-12.16.57:210][128]LogSlate: FSceneViewport::OnFocusLost() reason 0
[2018.11.02-12.17.36:766][211]LogSavePackage: Moving '../../../../../MetroidVania/GenericName/Saved/SideScrollerExampleMap9B9CB93D43A98F6FBF03E68C7BF79CA1.tmp' to '../../../../../MetroidVania/GenericName/Content/SideScrollerBP/Maps/SideScrollerExampleMap.umap'
[2018.11.02-12.17.37:135][211]LogSavePackage: Moving '../../../../../MetroidVania/GenericName/Saved/SideScrollerExampleMap_BuiltData2CBBA2FB4B6A278A65555186D94E13CA.tmp' to '../../../../../MetroidVania/GenericName/Content/SideScrollerBP/Maps/SideScrollerExampleMap_BuiltData.uasset'
[2018.11.02-12.17.44:701][395]SourceControl: fatal: D:/Unreal/UE_4.20/Engine/Content: 'D:/Unreal/UE_4.20/Engine/Content' is outside repository
[2018.11.02-12.18.01:242][395]LogSlate: Window 'Submit Files' being destroyed
[2018.11.02-12.18.03:738][395]LogSourceControl: commit successful: [master 97ccd61] Widget for acorns
[2018.11.02-12.18.03:915][395]SourceControl: [master 97ccd61] Widget for acorns
[2018.11.02-12.18.03:915][395]SourceControl:  5 files changed, 0 insertions(+), 0 deletions(-)
[2018.11.02-12.18.03:915][395]SourceControl:  rewrite Content/SideScrollerBP/Blueprints/Accelerator.uasset (85%)
[2018.11.02-12.18.03:915][395]SourceControl:  rewrite Content/SideScrollerBP/Blueprints/Coins.uasset (84%)
[2018.11.02-12.18.03:915][395]SourceControl:  create mode 100644 Content/SideScrollerBP/Widgets/Accorns.uasset
[2018.11.02-12.18.03:920][395]SourceControl: Commited [master 97ccd61] Widget for acorns.
[2018.11.02-12.21.47:916][560]LogFactory: FactoryCreateFile: Texture with ReimportTextureFactory (0 0 C:/Users/serxr/Downloads/Apunts IA/106-1066387_acorn-drawing-acorn-png.png)
[2018.11.02-12.21.47:927][560]LogTexture: Display: Building textures: 106-1066387_acorn-drawing-acorn-png (BGRA8, 840X573)
[2018.11.02-12.21.49:770][613]LogSavePackage: Moving '../../../../../MetroidVania/GenericName/Saved/SideScrollerExampleMapD7B7470C47DAD41964DDBEB8DB2A2188.tmp' to '../../../../../MetroidVania/GenericName/Content/SideScrollerBP/Maps/SideScrollerExampleMap.umap'
[2018.11.02-12.21.50:129][613]LogSavePackage: Moving '../../../../../MetroidVania/GenericName/Saved/SideScrollerExampleMap_BuiltData18A3BE554BD4E7590B5326A5BB7263AB.tmp' to '../../../../../MetroidVania/GenericName/Content/SideScrollerBP/Maps/SideScrollerExampleMap_BuiltData.uasset'
[2018.11.02-12.21.51:393][653]Cmd: OBJ SAVEPACKAGE PACKAGE="/Game/SideScrollerBP/Widgets/Accorns" FILE="../../../../../MetroidVania/GenericName/Content/SideScrollerBP/Widgets/Accorns.uasset" SILENT=true
[2018.11.02-12.21.51:417][653]LogSavePackage: Moving '../../../../../MetroidVania/GenericName/Saved/AccornsA5C4F0874F10B1CDC176D6AC8CCDEB59.tmp' to '../../../../../MetroidVania/GenericName/Content/SideScrollerBP/Widgets/Accorns.uasset'
[2018.11.02-12.21.51:475][653]LogSavePackage: Moving '../../../../../MetroidVania/GenericName/Saved/kisspng-acorn-clip-art-5af6b00d682D144DD417DF92648837CA641FCEC66.tmp' to '../../../../../MetroidVania/GenericName/Content/SideScrollerBP/Widgets/Assets_For_Widgets/kisspng-acorn-clip-art-5af6b00d604277_0547850015261163653943.uasset'
[2018.11.02-12.21.51:803][653]LogSavePackage: Moving '../../../../../MetroidVania/GenericName/Saved/106-1066387_acorn-drawing-acorn-0B489A954CE86E3290DF759EBE1777B9.tmp' to '../../../../../MetroidVania/GenericName/Content/SideScrollerBP/Widgets/Assets_For_Widgets/106-1066387_acorn-drawing-acorn-png.uasset'
[2018.11.02-12.22.00:114][131]Cmd: OBJ SAVEPACKAGE PACKAGE="/Game/SideScrollerBP/Widgets/Accorns" FILE="../../../../../MetroidVania/GenericName/Content/SideScrollerBP/Widgets/Accorns.uasset" SILENT=true
[2018.11.02-12.22.00:134][131]LogSavePackage: Moving '../../../../../MetroidVania/GenericName/Saved/Accorns0841F535497E98B5357230834FC1A183.tmp' to '../../../../../MetroidVania/GenericName/Content/SideScrollerBP/Widgets/Accorns.uasset'
[2018.11.02-12.22.00:595][170]BlueprintLog: New page: Compile Accorns
[2018.11.02-12.22.02:181][247]LogTemp: Repeating last play command: Selected Viewport
[2018.11.02-12.22.02:228][247]LogBlueprintUserMessages: Early PlayInEditor Detection: Level '/Game/SideScrollerBP/Maps/SideScrollerExampleMap.SideScrollerExampleMap:PersistentLevel' has LevelScriptBlueprint '/Game/SideScrollerBP/Maps/SideScrollerExampleMap.SideScrollerExampleMap:PersistentLevel.SideScrollerExampleMap' with GeneratedClass '/Game/SideScrollerBP/Maps/SideScrollerExampleMap.SideScrollerExampleMap_C' with ClassGeneratedBy '/Game/SideScrollerBP/Maps/SideScrollerExampleMap.SideScrollerExampleMap:PersistentLevel.SideScrollerExampleMap'
[2018.11.02-12.22.02:229][247]LogPlayLevel: PlayLevel: No blueprints needed recompiling
[2018.11.02-12.22.02:229][247]PIE: New page: PIE session: SideScrollerExampleMap (Nov 2, 2018, 2:22:02 PM)
[2018.11.02-12.22.02:229][247]LogPlayLevel: Creating play world package: /Game/SideScrollerBP/Maps/UEDPIE_0_SideScrollerExampleMap
[2018.11.02-12.22.02:244][247]LogPlayLevel: PIE: StaticDuplicateObject took: (0.014674s)
[2018.11.02-12.22.02:244][247]LogAIModule: Creating AISystem for world SideScrollerExampleMap
[2018.11.02-12.22.02:244][247]LogPlayLevel: PIE: World Init took: (0.000756s)
[2018.11.02-12.22.02:244][247]LogPlayLevel: PIE: Created PIE world by copying editor world from /Game/SideScrollerBP/Maps/SideScrollerExampleMap.SideScrollerExampleMap to /Game/SideScrollerBP/Maps/UEDPIE_0_SideScrollerExampleMap.SideScrollerExampleMap (0.015569s)
[2018.11.02-12.22.02:274][247]LogInit: XAudio2 using 'Speakers (Realtek High Definition Audio)' : 2 channels at 48 kHz using 32 bits per sample (channel mask 0x3)
[2018.11.02-12.22.02:344][247]LogInit: FAudioDevice initialized.
[2018.11.02-12.22.02:376][247]LogLoad: Game class is 'SideScrollerGameMode_C'
[2018.11.02-12.22.02:378][247]LogWorld: Bringing World /Game/SideScrollerBP/Maps/UEDPIE_0_SideScrollerExampleMap.SideScrollerExampleMap up for play (max tick rate 0) at 2018.11.02-13.22.02
[2018.11.02-12.22.02:378][247]LogWorld: Bringing up level for play took: 0.001666
[2018.11.02-12.22.02:392][247]PIE: Play in editor start time for /Game/SideScrollerBP/Maps/UEDPIE_0_SideScrollerExampleMap 0.829
[2018.11.02-12.22.02:392][247]LogBlueprintUserMessages: Late PlayInEditor Detection: Level '/Game/SideScrollerBP/Maps/SideScrollerExampleMap.SideScrollerExampleMap:PersistentLevel' has LevelScriptBlueprint '/Game/SideScrollerBP/Maps/SideScrollerExampleMap.SideScrollerExampleMap:PersistentLevel.SideScrollerExampleMap' with GeneratedClass '/Game/SideScrollerBP/Maps/SideScrollerExampleMap.SideScrollerExampleMap_C' with ClassGeneratedBy '/Game/SideScrollerBP/Maps/SideScrollerExampleMap.SideScrollerExampleMap:PersistentLevel.SideScrollerExampleMap'
[2018.11.02-12.22.04:361][330]LogBlueprintUserMessages: [SideScrollerCharacter_78] 1
[2018.11.02-12.22.05:971][400]LogBlueprintUserMessages: Early EndPlayMap Detection: Level '/Game/SideScrollerBP/Maps/SideScrollerExampleMap.SideScrollerExampleMap:PersistentLevel' has LevelScriptBlueprint '/Game/SideScrollerBP/Maps/SideScrollerExampleMap.SideScrollerExampleMap:PersistentLevel.SideScrollerExampleMap' with GeneratedClass '/Game/SideScrollerBP/Maps/SideScrollerExampleMap.SideScrollerExampleMap_C' with ClassGeneratedBy '/Game/SideScrollerBP/Maps/SideScrollerExampleMap.SideScrollerExampleMap:PersistentLevel.SideScrollerExampleMap'
[2018.11.02-12.22.05:972][400]LogSlate: Updating window title bar state: overlay mode, drag disabled, window buttons hidden, title bar hidden
[2018.11.02-12.22.06:030][400]LogPlayLevel: Display: Shutting down PIE online subsystems
[2018.11.02-12.22.06:030][400]LogBlueprintUserMessages: Late EndPlayMap Detection: Level '/Game/SideScrollerBP/Maps/SideScrollerExampleMap.SideScrollerExampleMap:PersistentLevel' has LevelScriptBlueprint '/Game/SideScrollerBP/Maps/SideScrollerExampleMap.SideScrollerExampleMap:PersistentLevel.SideScrollerExampleMap' with GeneratedClass '/Game/SideScrollerBP/Maps/SideScrollerExampleMap.SideScrollerExampleMap_C' with ClassGeneratedBy '/Game/SideScrollerBP/Maps/SideScrollerExampleMap.SideScrollerExampleMap:PersistentLevel.SideScrollerExampleMap'
[2018.11.02-12.22.06:063][400]LogSlate: Updating window title bar state: overlay mode, drag disabled, window buttons hidden, title bar hidden
[2018.11.02-12.22.06:075][401]LogPlayLevel: Display: Destroying online subsystem :Context_12
[2018.11.02-12.22.24:186][943]LogTemp: Repeating last play command: Selected Viewport
[2018.11.02-12.22.24:214][943]LogBlueprintUserMessages: Early PlayInEditor Detection: Level '/Game/SideScrollerBP/Maps/SideScrollerExampleMap.SideScrollerExampleMap:PersistentLevel' has LevelScriptBlueprint '/Game/SideScrollerBP/Maps/SideScrollerExampleMap.SideScrollerExampleMap:PersistentLevel.SideScrollerExampleMap' with GeneratedClass '/Game/SideScrollerBP/Maps/SideScrollerExampleMap.SideScrollerExampleMap_C' with ClassGeneratedBy '/Game/SideScrollerBP/Maps/SideScrollerExampleMap.SideScrollerExampleMap:PersistentLevel.SideScrollerExampleMap'
[2018.11.02-12.22.24:214][943]LogPlayLevel: PlayLevel: No blueprints needed recompiling
[2018.11.02-12.22.24:214][943]PIE: New page: PIE session: SideScrollerExampleMap (Nov 2, 2018, 2:22:24 PM)
[2018.11.02-12.22.24:214][943]LogPlayLevel: Creating play world package: /Game/SideScrollerBP/Maps/UEDPIE_0_SideScrollerExampleMap
[2018.11.02-12.22.24:226][943]LogPlayLevel: PIE: StaticDuplicateObject took: (0.010966s)
[2018.11.02-12.22.24:226][943]LogAIModule: Creating AISystem for world SideScrollerExampleMap
[2018.11.02-12.22.24:226][943]LogPlayLevel: PIE: World Init took: (0.000708s)
[2018.11.02-12.22.24:226][943]LogPlayLevel: PIE: Created PIE world by copying editor world from /Game/SideScrollerBP/Maps/SideScrollerExampleMap.SideScrollerExampleMap to /Game/SideScrollerBP/Maps/UEDPIE_0_SideScrollerExampleMap.SideScrollerExampleMap (0.011827s)
[2018.11.02-12.22.24:261][943]LogInit: XAudio2 using 'Speakers (Realtek High Definition Audio)' : 2 channels at 48 kHz using 32 bits per sample (channel mask 0x3)
[2018.11.02-12.22.24:322][943]LogInit: FAudioDevice initialized.
[2018.11.02-12.22.24:355][943]LogLoad: Game class is 'SideScrollerGameMode_C'
[2018.11.02-12.22.24:358][943]LogWorld: Bringing World /Game/SideScrollerBP/Maps/UEDPIE_0_SideScrollerExampleMap.SideScrollerExampleMap up for play (max tick rate 0) at 2018.11.02-13.22.24
[2018.11.02-12.22.24:358][943]LogWorld: Bringing up level for play took: 0.001792
[2018.11.02-12.22.24:371][943]PIE: Play in editor start time for /Game/SideScrollerBP/Maps/UEDPIE_0_SideScrollerExampleMap 0.809
[2018.11.02-12.22.24:372][943]LogBlueprintUserMessages: Late PlayInEditor Detection: Level '/Game/SideScrollerBP/Maps/SideScrollerExampleMap.SideScrollerExampleMap:PersistentLevel' has LevelScriptBlueprint '/Game/SideScrollerBP/Maps/SideScrollerExampleMap.SideScrollerExampleMap:PersistentLevel.SideScrollerExampleMap' with GeneratedClass '/Game/SideScrollerBP/Maps/SideScrollerExampleMap.SideScrollerExampleMap_C' with ClassGeneratedBy '/Game/SideScrollerBP/Maps/SideScrollerExampleMap.SideScrollerExampleMap:PersistentLevel.SideScrollerExampleMap'
[2018.11.02-12.22.26:426][ 29]LogBlueprintUserMessages: [SideScrollerCharacter_78] 1
[2018.11.02-12.23.05:275][633]LogBlueprintUserMessages: Early EndPlayMap Detection: Level '/Game/SideScrollerBP/Maps/SideScrollerExampleMap.SideScrollerExampleMap:PersistentLevel' has LevelScriptBlueprint '/Game/SideScrollerBP/Maps/SideScrollerExampleMap.SideScrollerExampleMap:PersistentLevel.SideScrollerExampleMap' with GeneratedClass '/Game/SideScrollerBP/Maps/SideScrollerExampleMap.SideScrollerExampleMap_C' with ClassGeneratedBy '/Game/SideScrollerBP/Maps/SideScrollerExampleMap.SideScrollerExampleMap:PersistentLevel.SideScrollerExampleMap'
[2018.11.02-12.23.05:275][633]LogSlate: Updating window title bar state: overlay mode, drag disabled, window buttons hidden, title bar hidden
[2018.11.02-12.23.05:324][633]LogPlayLevel: Display: Shutting down PIE online subsystems
[2018.11.02-12.23.05:325][633]LogBlueprintUserMessages: Late EndPlayMap Detection: Level '/Game/SideScrollerBP/Maps/SideScrollerExampleMap.SideScrollerExampleMap:PersistentLevel' has LevelScriptBlueprint '/Game/SideScrollerBP/Maps/SideScrollerExampleMap.SideScrollerExampleMap:PersistentLevel.SideScrollerExampleMap' with GeneratedClass '/Game/SideScrollerBP/Maps/SideScrollerExampleMap.SideScrollerExampleMap_C' with ClassGeneratedBy '/Game/SideScrollerBP/Maps/SideScrollerExampleMap.SideScrollerExampleMap:PersistentLevel.SideScrollerExampleMap'
[2018.11.02-12.23.05:359][633]LogSlate: Updating window title bar state: overlay mode, drag disabled, window buttons hidden, title bar hidden
[2018.11.02-12.23.05:383][635]LogPlayLevel: Display: Destroying online subsystem :Context_13
[2018.11.02-12.23.34:064][835]LogSlate: Window 'Pick Parent Class' being destroyed
[2018.11.02-12.28.24:490][314]LogSavePackage: Moving '../../../../../MetroidVania/GenericName/Saved/SideScrollerExampleMap9C77667D4A5A207CD12D3C88477FA810.tmp' to '../../../../../MetroidVania/GenericName/Content/SideScrollerBP/Maps/SideScrollerExampleMap.umap'
[2018.11.02-12.28.24:883][314]LogSavePackage: Moving '../../../../../MetroidVania/GenericName/Saved/SideScrollerExampleMap_BuiltDataCEF351C448D76763AEF69FAC170F16C5.tmp' to '../../../../../MetroidVania/GenericName/Content/SideScrollerBP/Maps/SideScrollerExampleMap_BuiltData.uasset'
[2018.11.02-12.28.25:879][325]Cmd: OBJ SAVEPACKAGE PACKAGE="/Game/SideScrollerBP/Blueprints/Accelerator" FILE="../../../../../MetroidVania/GenericName/Content/SideScrollerBP/Blueprints/Accelerator.uasset" SILENT=true
[2018.11.02-12.28.25:998][325]LogSavePackage: Moving '../../../../../MetroidVania/GenericName/Saved/AcceleratorAF3BA7CD4486C0A2D9E2CEAF355E08BB.tmp' to '../../../../../MetroidVania/GenericName/Content/SideScrollerBP/Blueprints/Accelerator.uasset'
[2018.11.02-12.36.22:010][977]LogActorComponent: UnregisterComponent: (/Engine/Transient.EditorFloorComp) Not registered. Aborting.
[2018.11.02-12.36.22:091][977]LogSlate: Window 'GenericName - Unreal Editor' being destroyed
[2018.11.02-12.36.22:320][978]Cmd: QUIT_EDITOR
[2018.11.02-12.36.22:905][978]LogWindowsTextInputMethodSystem: Display: IME system now deactivated.
[2018.11.02-12.36.22:920][978]LogExit: Preparing to exit.
[2018.11.02-12.36.23:599][978]LogExit: Editor shut down
[2018.11.02-12.36.23:600][978]LogExit: Transaction tracking system shut down
[2018.11.02-12.36.23:917][978]LogExit: Object subsystem successfully closed.
[2018.11.02-12.36.23:933][978]LogShaderCompilers: Display: Shaders left to compile 0
[2018.11.02-12.36.23:936][978]LogD3D11RHI: Shutdown
[2018.11.02-12.36.23:936][978]LogD3D11RHI: CleanupD3DDevice
[2018.11.02-12.36.23:958][978]LogD3D11RHI: ~FD3D11DynamicRHI
[2018.11.02-12.36.23:971][978]LogModuleManager: Shutting down and abandoning module MovieSceneCapture (618)
[2018.11.02-12.36.23:971][978]LogModuleManager: Shutting down and abandoning module Voice (616)
[2018.11.02-12.36.23:971][978]LogModuleManager: Shutting down and abandoning module SequencerWidgets (614)
[2018.11.02-12.36.23:971][978]LogModuleManager: Shutting down and abandoning module BlueprintGraph (612)
[2018.11.02-12.36.23:971][978]LogModuleManager: Shutting down and abandoning module HierarchicalLODOutliner (610)
[2018.11.02-12.36.23:971][978]LogModuleManager: Shutting down and abandoning module SceneOutliner (608)
[2018.11.02-12.36.23:971][978]LogModuleManager: Shutting down and abandoning module AddContentDialog (606)
[2018.11.02-12.36.23:971][978]LogModuleManager: Shutting down and abandoning module WidgetCarousel (605)
[2018.11.02-12.36.23:971][978]LogModuleManager: Shutting down and abandoning module EditorWidgets (602)
[2018.11.02-12.36.23:971][978]LogModuleManager: Shutting down and abandoning module CollectionManager (600)
[2018.11.02-12.36.23:971][978]LogModuleManager: Shutting down and abandoning module StatsViewer (598)
[2018.11.02-12.36.23:971][978]LogModuleManager: Shutting down and abandoning module FoliageEdit (596)
[2018.11.02-12.36.23:971][978]LogModuleManager: Shutting down and abandoning module LandscapeEditor (594)
[2018.11.02-12.36.23:971][978]LogModuleManager: Shutting down and abandoning module MeshPaintMode (592)
[2018.11.02-12.36.23:971][978]LogModuleManager: Shutting down and abandoning module SceneDepthPickerMode (590)
[2018.11.02-12.36.23:971][978]LogModuleManager: Shutting down and abandoning module ActorPickerMode (588)
[2018.11.02-12.36.23:971][978]LogModuleManager: Shutting down and abandoning module GeometryMode (586)
[2018.11.02-12.36.23:971][978]LogModuleManager: Shutting down and abandoning module TextureAlignMode (584)
[2018.11.02-12.36.23:971][978]LogModuleManager: Shutting down and abandoning module BspMode (582)
[2018.11.02-12.36.23:971][978]LogModuleManager: Shutting down and abandoning module PIEPreviewDeviceProfileSelector (580)
[2018.11.02-12.36.23:971][978]LogModuleManager: Shutting down and abandoning module SequenceRecorderSections (578)
[2018.11.02-12.36.23:971][978]LogModuleManager: Shutting down and abandoning module AutomationWorker (576)
[2018.11.02-12.36.23:971][978]LogModuleManager: Shutting down and abandoning module AudioCaptureEditor (574)
[2018.11.02-12.36.23:972][978]LogModuleManager: Shutting down and abandoning module SequenceRecorder (573)
[2018.11.02-12.36.23:972][978]LogModuleManager: Shutting down and abandoning module MatineeToLevelSequence (570)
[2018.11.02-12.36.23:972][978]LogModuleManager: Shutting down and abandoning module LevelSequenceEditor (568)
[2018.11.02-12.36.23:972][978]LogModuleManager: Shutting down and abandoning module PlacementMode (567)
[2018.11.02-12.36.23:972][978]LogModuleManager: Shutting down and abandoning module MaterialEditor (566)
[2018.11.02-12.36.23:972][978]LogModuleManager: Shutting down and abandoning module WmfMediaFactory (562)
[2018.11.02-12.36.23:972][978]LogModuleManager: Shutting down and abandoning module WmfMediaEditor (560)
[2018.11.02-12.36.23:972][978]LogModuleManager: Shutting down and abandoning module MediaPlayerEditor (558)
[2018.11.02-12.36.23:972][978]LogModuleManager: Shutting down and abandoning module OpenExrWrapper (556)
[2018.11.02-12.36.23:972][978]LogModuleManager: Shutting down and abandoning module ImgMediaFactory (554)
[2018.11.02-12.36.23:972][978]LogModuleManager: Shutting down and abandoning module ImgMediaEditor (552)
[2018.11.02-12.36.23:972][978]LogModuleManager: Shutting down and abandoning module AvfMediaFactory (550)
[2018.11.02-12.36.23:972][978]LogModuleManager: Shutting down and abandoning module AvfMediaEditor (548)
[2018.11.02-12.36.23:972][978]LogModuleManager: Shutting down and abandoning module AndroidMediaFactory (546)
[2018.11.02-12.36.23:972][978]LogModuleManager: Shutting down and abandoning module AndroidMediaEditor (544)
[2018.11.02-12.36.23:972][978]LogModuleManager: Shutting down and abandoning module MagicLeapCameraPreviewFactory (542)
[2018.11.02-12.36.23:972][978]LogModuleManager: Shutting down and abandoning module MagicLeapMediaFactory (540)
[2018.11.02-12.36.23:972][978]LogModuleManager: Shutting down and abandoning module MagicLeapMediaEditor (538)
[2018.11.02-12.36.23:972][978]LogModuleManager: Shutting down and abandoning module CharacterAI (536)
[2018.11.02-12.36.23:972][978]LogModuleManager: Shutting down and abandoning module SmartSnapping (534)
[2018.11.02-12.36.23:972][978]LogModuleManager: Shutting down and abandoning module SessionServices (532)
[2018.11.02-12.36.23:972][978]LogModuleManager: Shutting down and abandoning module ViewportSnapping (530)
[2018.11.02-12.36.23:972][978]LogModuleManager: Shutting down and abandoning module ViewportInteraction (528)
[2018.11.02-12.36.23:972][978]LogModuleManager: Shutting down and abandoning module ClothPainter (526)
[2018.11.02-12.36.23:972][978]LogModuleManager: Shutting down and abandoning module SkeletalMeshEditor (525)
[2018.11.02-12.36.23:972][978]LogModuleManager: Shutting down and abandoning module LogVisualizer (522)
[2018.11.02-12.36.23:972][978]LogModuleManager: Shutting down and abandoning module IntroTutorials (520)
[2018.11.02-12.36.23:972][978]LogModuleManager: Shutting down and abandoning module GameProjectGeneration (519)
[2018.11.02-12.36.23:972][978]LogModuleManager: Shutting down and abandoning module LuminPlatformEditor (516)
[2018.11.02-12.36.23:972][978]LogModuleManager: Shutting down and abandoning module IOSPlatformEditor (514)
[2018.11.02-12.36.23:972][978]LogModuleManager: Shutting down and abandoning module HTML5PlatformEditor (512)
[2018.11.02-12.36.23:972][978]LogModuleManager: Shutting down and abandoning module AndroidPlatformEditor (510)
[2018.11.02-12.36.23:972][978]LogModuleManager: Shutting down and abandoning module AndroidDeviceDetection (509)
[2018.11.02-12.36.24:304][978]LogModuleManager: Shutting down and abandoning module WindowsPlatformEditor (506)
[2018.11.02-12.36.24:304][978]LogModuleManager: Shutting down and abandoning module LuminRuntimeSettings (504)
[2018.11.02-12.36.24:304][978]LogModuleManager: Shutting down and abandoning module IOSRuntimeSettings (502)
[2018.11.02-12.36.24:304][978]LogModuleManager: Shutting down and abandoning module AndroidRuntimeSettings (500)
[2018.11.02-12.36.24:304][978]LogModuleManager: Shutting down and abandoning module InputBindingEditor (498)
[2018.11.02-12.36.24:304][978]LogModuleManager: Shutting down and abandoning module MergeActors (496)
[2018.11.02-12.36.24:305][978]LogModuleManager: Shutting down and abandoning module LocalizationDashboard (494)
[2018.11.02-12.36.24:305][978]LogModuleManager: Shutting down and abandoning module LocalizationService (493)
[2018.11.02-12.36.24:305][978]LogModuleManager: Shutting down and abandoning module HardwareTargeting (490)
[2018.11.02-12.36.24:305][978]LogModuleManager: Shutting down and abandoning module DeviceProfileEditor (488)
[2018.11.02-12.36.24:305][978]LogModuleManager: Shutting down and abandoning module UndoHistory (486)
[2018.11.02-12.36.24:305][978]LogModuleManager: Shutting down and abandoning module XmlParser (484)
[2018.11.02-12.36.24:305][978]LogModuleManager: Shutting down and abandoning module Blutility (482)
[2018.11.02-12.36.24:305][978]LogModuleManager: Shutting down and abandoning module ProjectSettingsViewer (480)
[2018.11.02-12.36.24:305][978]LogModuleManager: Shutting down and abandoning module ProjectTargetPlatformEditor (479)
[2018.11.02-12.36.24:305][978]LogModuleManager: Shutting down and abandoning module EditorSettingsViewer (476)
[2018.11.02-12.36.24:306][978]LogModuleManager: Shutting down and abandoning module SettingsEditor (474)
[2018.11.02-12.36.24:306][978]LogModuleManager: Shutting down and abandoning module ProjectLauncher (472)
[2018.11.02-12.36.24:306][978]LogModuleManager: Shutting down and abandoning module SessionFrontend (470)
[2018.11.02-12.36.24:306][978]LogModuleManager: Shutting down and abandoning module ProfilerClient (468)
[2018.11.02-12.36.24:306][978]LogModuleManager: Shutting down and abandoning module DeviceManager (466)
[2018.11.02-12.36.24:306][978]LogModuleManager: Shutting down and abandoning module TargetDeviceServices (465)
[2018.11.02-12.36.24:360][978]LogModuleManager: Shutting down and abandoning module AutomationController (462)
[2018.11.02-12.36.24:360][978]LogModuleManager: Shutting down and abandoning module AutomationWindow (460)
[2018.11.02-12.36.24:360][978]LogModuleManager: Shutting down and abandoning module Layers (458)
[2018.11.02-12.36.24:360][978]LogModuleManager: Shutting down and abandoning module ComponentVisualizers (456)
[2018.11.02-12.36.24:360][978]LogModuleManager: Shutting down and abandoning module DetailCustomizations (454)
[2018.11.02-12.36.24:360][978]LogModuleManager: Shutting down and abandoning module PackagesDialog (452)
[2018.11.02-12.36.24:361][978]LogModuleManager: Shutting down and abandoning module Persona (450)
[2018.11.02-12.36.24:361][978]LogModuleManager: Shutting down and abandoning module AdvancedPreviewScene (449)
[2018.11.02-12.36.24:361][978]LogModuleManager: Shutting down and abandoning module AnimGraph (447)
[2018.11.02-12.36.24:361][978]LogModuleManager: Shutting down and abandoning module Kismet (444)
[2018.11.02-12.36.24:367][978]LogModuleManager: Shutting down and abandoning module GraphEditor (442)
[2018.11.02-12.36.24:367][978]LogModuleManager: Shutting down and abandoning module ClassViewer (440)
[2018.11.02-12.36.24:368][978]LogModuleManager: Shutting down and abandoning module Toolbox (438)
[2018.11.02-12.36.24:368][978]LogModuleManager: Shutting down and abandoning module ModuleUI (436)
[2018.11.02-12.36.24:368][978]LogModuleManager: Shutting down and abandoning module MovieSceneTools (434)
[2018.11.02-12.36.24:368][978]LogModuleManager: Shutting down and abandoning module OutputLog (432)
[2018.11.02-12.36.24:368][978]LogModuleManager: Shutting down and abandoning module GammaUI (430)
[2018.11.02-12.36.24:368][978]LogModuleManager: Shutting down and abandoning module Documentation (428)
[2018.11.02-12.36.24:368][978]LogModuleManager: Shutting down and abandoning module MovieSceneTracks (426)
[2018.11.02-12.36.24:368][978]LogModuleManager: Shutting down and abandoning module MovieScene (424)
[2018.11.02-12.36.24:368][978]LogModuleManager: Shutting down and abandoning module StreamingPauseRendering (422)
[2018.11.02-12.36.24:368][978]LogModuleManager: Shutting down and abandoning module LauncherPlatform (420)
[2018.11.02-12.36.24:368][978]LogModuleManager: Shutting down and abandoning module AnalyticsET (418)
[2018.11.02-12.36.24:368][978]LogModuleManager: Shutting down and abandoning module PortalServices (416)
[2018.11.02-12.36.24:368][978]LogModuleManager: Shutting down and abandoning module PortalRpc (414)
[2018.11.02-12.36.24:368][978]LogModuleManager: Shutting down and abandoning module MessagingRpc (412)
[2018.11.02-12.36.24:368][978]LogModuleManager: Shutting down and abandoning module AIModule (410)
[2018.11.02-12.36.24:369][978]LogModuleManager: Shutting down and abandoning module GameplayDebugger (409)
[2018.11.02-12.36.24:369][978]LogModuleManager: Shutting down and abandoning module AITestSuite (407)
[2018.11.02-12.36.24:369][978]LogModuleManager: Shutting down and abandoning module NavigationSystem (405)
[2018.11.02-12.36.24:369][978]LogModuleManager: Shutting down and abandoning module DesktopPlatform (402)
[2018.11.02-12.36.24:369][978]LogModuleManager: Shutting down and abandoning module ProfilerService (400)
[2018.11.02-12.36.24:378][978]LogModuleManager: Shutting down and abandoning module TaskGraph (398)
[2018.11.02-12.36.24:378][978]LogModuleManager: Shutting down and abandoning module SteamVRController (396)
[2018.11.02-12.36.24:378][978]LogModuleManager: Shutting down and abandoning module ProceduralMeshComponentEditor (394)
[2018.11.02-12.36.24:379][978]LogModuleManager: Shutting down and abandoning module ProceduralMeshComponent (392)
[2018.11.02-12.36.24:379][978]LogModuleManager: Shutting down and abandoning module OculusInput (390)
[2018.11.02-12.36.24:379][978]LogModuleManager: Shutting down and abandoning module MobilePatchingUtils (388)
[2018.11.02-12.36.24:379][978]LogModuleManager: Shutting down and abandoning module EditableMesh (386)
[2018.11.02-12.36.24:379][978]LogModuleManager: Shutting down and abandoning module CustomMeshComponent (384)
[2018.11.02-12.36.24:379][978]LogModuleManager: Shutting down and abandoning module CableComponent (382)
[2018.11.02-12.36.24:379][978]LogModuleManager: Shutting down and abandoning module AudioCapture (380)
[2018.11.02-12.36.24:379][978]LogModuleManager: Shutting down and abandoning module ArchVisCharacter (378)
[2018.11.02-12.36.24:379][978]LogModuleManager: Shutting down and abandoning module AndroidPermission (376)
[2018.11.02-12.36.24:379][978]LogModuleManager: Shutting down and abandoning module NUTUnrealEngine4 (374)
[2018.11.02-12.36.24:379][978]LogModuleManager: Shutting down and abandoning module NetcodeUnitTest (372)
[2018.11.02-12.36.24:379][978]LogModuleManager: Shutting down and abandoning module MediaCompositingEditor (370)
[2018.11.02-12.36.24:379][978]LogModuleManager: Shutting down and abandoning module MediaCompositing (368)
[2018.11.02-12.36.24:379][978]LogModuleManager: Shutting down and abandoning module LinearTimecode (366)
[2018.11.02-12.36.24:379][978]LogModuleManager: Shutting down and abandoning module ImgMedia (364)
[2018.11.02-12.36.24:382][978]LogModuleManager: Shutting down and abandoning module HTML5Networking (362)
[2018.11.02-12.36.24:382][978]LogModuleManager: Shutting down and abandoning module GeometryCacheTracks (360)
[2018.11.02-12.36.24:382][978]LogModuleManager: Shutting down and abandoning module GeometryCacheSequencer (358)
[2018.11.02-12.36.24:382][978]LogModuleManager: Shutting down and abandoning module BackChannel (356)
[2018.11.02-12.36.24:382][978]LogModuleManager: Shutting down and abandoning module AppleVision (354)
[2018.11.02-12.36.24:382][978]LogModuleManager: Shutting down and abandoning module AppleImageUtils (352)
[2018.11.02-12.36.24:382][978]LogModuleManager: Shutting down and abandoning module AlembicImporter (350)
[2018.11.02-12.36.24:382][978]LogModuleManager: Shutting down and abandoning module AlembicLibrary (349)
[2018.11.02-12.36.24:382][978]LogModuleManager: Shutting down and abandoning module GeometryCache (348)
[2018.11.02-12.36.24:382][978]LogModuleManager: Shutting down and abandoning module GeometryCacheEd (347)
[2018.11.02-12.36.24:382][978]LogModuleManager: Shutting down and abandoning module DatasmithContentEditor (342)
[2018.11.02-12.36.24:382][978]LogModuleManager: Shutting down and abandoning module DatasmithContent (340)
[2018.11.02-12.36.24:383][978]LogModuleManager: Shutting down and abandoning module SpeedTreeImporter (338)
[2018.11.02-12.36.24:383][978]LogModuleManager: Shutting down and abandoning module PluginBrowser (336)
[2018.11.02-12.36.24:383][978]LogModuleManager: Shutting down and abandoning module MobileLauncherProfileWizard (334)
[2018.11.02-12.36.24:383][978]LogModuleManager: Shutting down and abandoning module PolygonModeling (332)
[2018.11.02-12.36.24:383][978]LogModuleManager: Shutting down and abandoning module MeshEditor (330)
[2018.11.02-12.36.24:383][978]LogModuleManager: Shutting down and abandoning module CryptoKeysOpenSSL (328)
[2018.11.02-12.36.24:383][978]LogModuleManager: Shutting down and abandoning module CryptoKeys (326)
[2018.11.02-12.36.24:383][978]LogModuleManager: Shutting down and abandoning module VisualStudioSourceCodeAccess (324)
[2018.11.02-12.36.24:383][978]LogModuleManager: Shutting down and abandoning module VisualStudioCodeSourceCodeAccess (322)
[2018.11.02-12.36.24:383][978]LogModuleManager: Shutting down and abandoning module UObjectPlugin (320)
[2018.11.02-12.36.24:383][978]LogModuleManager: Shutting down and abandoning module SubversionSourceControl (318)
[2018.11.02-12.36.24:383][978]LogModuleManager: Shutting down and abandoning module PerforceSourceControl (316)
[2018.11.02-12.36.24:383][978]LogModuleManager: Shutting down and abandoning module GitSourceControl (314)
[2018.11.02-12.36.24:383][978]LogModuleManager: Shutting down and abandoning module SourceControl (313)
[2018.11.02-12.36.24:383][978]LogModuleManager: Shutting down and abandoning module CLionSourceCodeAccess (310)
[2018.11.02-12.36.24:383][978]LogModuleManager: Shutting down and abandoning module LightPropagationVolumeEditor (308)
[2018.11.02-12.36.24:383][978]LogModuleManager: Shutting down and abandoning module PaperTiledImporter (306)
[2018.11.02-12.36.24:383][978]LogModuleManager: Shutting down and abandoning module PaperSpriteSheetImporter (304)
[2018.11.02-12.36.24:383][978]LogModuleManager: Shutting down and abandoning module Paper2DEditor (302)
[2018.11.02-12.36.24:383][978]LogModuleManager: Shutting down and abandoning module MeshPaint (301)
[2018.11.02-12.36.24:383][978]LogModuleManager: Shutting down and abandoning module RuntimePhysXCooking (298)
[2018.11.02-12.36.24:383][978]LogModuleManager: Shutting down and abandoning module PhysXVehiclesEditor (296)
[2018.11.02-12.36.24:383][978]LogModuleManager: Shutting down and abandoning module PhysXVehicles (294)
[2018.11.02-12.36.24:383][978]LogModuleManager: Shutting down and abandoning module OculusEditor (292)
[2018.11.02-12.36.24:383][978]LogModuleManager: Shutting down and abandoning module LocationServicesBPLibrary (290)
[2018.11.02-12.36.24:383][978]LogModuleManager: Shutting down and abandoning module ImmediatePhysicsEditor (288)
[2018.11.02-12.36.24:383][978]LogModuleManager: Shutting down and abandoning module ImmediatePhysics (286)
[2018.11.02-12.36.24:383][978]LogModuleManager: Shutting down and abandoning module ActorSequence (284)
[2018.11.02-12.36.24:383][978]LogModuleManager: Shutting down and abandoning module UdpMessaging (282)
[2018.11.02-12.36.24:484][978]LogModuleManager: Shutting down and abandoning module TcpMessaging (280)
[2018.11.02-12.36.24:585][978]LogModuleManager: Shutting down and abandoning module MagicLeapAudio (278)
[2018.11.02-12.36.24:585][978]LogModuleManager: Shutting down and abandoning module GameplayTagsEditor (276)
[2018.11.02-12.36.24:585][978]LogModuleManager: Shutting down and abandoning module FacialAnimationEditor (274)
[2018.11.02-12.36.24:585][978]LogModuleManager: Shutting down and abandoning module FacialAnimation (272)
[2018.11.02-12.36.24:585][978]LogModuleManager: Shutting down and abandoning module DataValidation (270)
[2018.11.02-12.36.24:585][978]LogModuleManager: Shutting down and abandoning module AssetManagerEditor (268)
[2018.11.02-12.36.24:585][978]LogModuleManager: Shutting down and abandoning module LevelEditor (267)
[2018.11.02-12.36.24:586][978]LogModuleManager: Shutting down and abandoning module PixelInspectorModule (266)
[2018.11.02-12.36.24:586][978]LogModuleManager: Shutting down and abandoning module CommonMenuExtensions (264)
[2018.11.02-12.36.24:586][978]LogModuleManager: Shutting down and abandoning module MainFrame (262)
[2018.11.02-12.36.24:586][978]LogModuleManager: Shutting down and abandoning module HotReload (261)
[2018.11.02-12.36.24:586][978]LogModuleManager: Shutting down and abandoning module ContentBrowser (257)
[2018.11.02-12.36.24:587][978]LogModuleManager: Shutting down and abandoning module TreeMap (255)
[2018.11.02-12.36.24:587][978]LogModuleManager: Shutting down and abandoning module LightPropagationVolumeRuntime (252)
[2018.11.02-12.36.24:587][978]LogModuleManager: Shutting down and abandoning module AISupportModule (250)
[2018.11.02-12.36.24:587][978]LogModuleManager: Shutting down and abandoning module Paper2D (248)
[2018.11.02-12.36.24:587][978]LogModuleManager: Shutting down and abandoning module WindowsMoviePlayer (246)
[2018.11.02-12.36.24:587][978]LogModuleManager: Shutting down and abandoning module WmfMedia (244)
[2018.11.02-12.36.24:588][978]LogModuleManager: Shutting down and abandoning module Media (243)
[2018.11.02-12.36.24:594][978]LogModuleManager: Shutting down and abandoning module PacketHandler (240)
[2018.11.02-12.36.24:594][978]LogModuleManager: Shutting down and abandoning module ClothingSystemEditor (238)
[2018.11.02-12.36.24:594][978]LogModuleManager: Shutting down and abandoning module ClothingSystemRuntime (236)
[2018.11.02-12.36.24:594][978]LogModuleManager: Shutting down and abandoning module MediaAssets (234)
[2018.11.02-12.36.24:594][978]LogModuleManager: Shutting down and abandoning module Overlay (232)
[2018.11.02-12.36.24:594][978]LogModuleManager: Shutting down and abandoning module OverlayEditor (231)
[2018.11.02-12.36.24:594][978]LogModuleManager: Shutting down and abandoning module VREditor (228)
[2018.11.02-12.36.24:594][978]LogModuleManager: Shutting down and abandoning module StringTableEditor (226)
[2018.11.02-12.36.24:594][978]LogModuleManager: Shutting down and abandoning module GameplayTasksEditor (224)
[2018.11.02-12.36.24:595][978]LogModuleManager: Shutting down and abandoning module BehaviorTreeEditor (222)
[2018.11.02-12.36.24:595][978]LogModuleManager: Shutting down and abandoning module FunctionalTesting (220)
[2018.11.02-12.36.24:595][978]LogModuleManager: Shutting down and abandoning module CollisionAnalyzer (218)
[2018.11.02-12.36.24:595][978]LogModuleManager: Shutting down and abandoning module WorkspaceMenuStructure (217)
[2018.11.02-12.36.24:595][978]LogModuleManager: Shutting down and abandoning module UMG (214)
[2018.11.02-12.36.24:595][978]LogModuleManager: Shutting down and abandoning module UMGEditor (213)
[2018.11.02-12.36.24:595][978]LogModuleManager: Shutting down and abandoning module Sequencer (212)
[2018.11.02-12.36.24:595][978]LogModuleManager: Shutting down and abandoning module MessageLog (209)
[2018.11.02-12.36.24:595][978]LogModuleManager: Shutting down and abandoning module SlateReflector (204)
[2018.11.02-12.36.24:595][978]LogModuleManager: Shutting down and abandoning module Slate (202)
[2018.11.02-12.36.24:595][978]LogModuleManager: Shutting down and abandoning module EditorStyle (200)
[2018.11.02-12.36.24:596][978]LogModuleManager: Shutting down and abandoning module MRMesh (198)
[2018.11.02-12.36.24:596][978]LogModuleManager: Shutting down and abandoning module SourceCodeAccess (196)
[2018.11.02-12.36.24:596][978]LogModuleManager: Shutting down and abandoning module HeadMountedDisplay (194)
[2018.11.02-12.36.24:596][978]LogModuleManager: Shutting down and abandoning module XAudio2 (192)
[2018.11.02-12.36.24:596][978]LogModuleManager: Shutting down and abandoning module Networking (190)
[2018.11.02-12.36.24:596][978]LogModuleManager: Shutting down and abandoning module Core (188)
[2018.11.02-12.36.24:596][978]LogModuleManager: Shutting down and abandoning module LevelSequence (186)
[2018.11.02-12.36.24:596][978]LogModuleManager: Shutting down and abandoning module KismetCompiler (184)
[2018.11.02-12.36.24:596][978]LogModuleManager: Shutting down and abandoning module MeshUtilities (182)
[2018.11.02-12.36.24:596][978]LogModuleManager: Shutting down and abandoning module MeshMergeUtilities (181)
[2018.11.02-12.36.24:596][978]LogModuleManager: Shutting down and abandoning module MeshReductionInterface (180)
[2018.11.02-12.36.24:596][978]LogModuleManager: Shutting down and abandoning module SimplygonSwarm (179)
[2018.11.02-12.36.24:596][978]LogModuleManager: Shutting down and abandoning module ProxyLODMeshReduction (177)
[2018.11.02-12.36.24:596][978]LogModuleManager: Shutting down and abandoning module SimplygonMeshReduction (175)
[2018.11.02-12.36.24:597][978]LogModuleManager: Shutting down and abandoning module QuadricMeshReduction (173)
[2018.11.02-12.36.24:597][978]LogModuleManager: Shutting down and abandoning module MaterialBaking (169)
[2018.11.02-12.36.24:597][978]LogModuleManager: Shutting down and abandoning module DirectoryWatcher (165)
[2018.11.02-12.36.24:597][978]LogModuleManager: Shutting down and abandoning module DerivedDataCache (162)
[2018.11.02-12.36.24:618][978]LogDerivedDataCache: Shutdown
[2018.11.02-12.36.24:618][978]LogModuleManager: Shutting down and abandoning module XGEController (160)
[2018.11.02-12.36.24:618][978]LogModuleManager: Shutting down and abandoning module TargetPlatform (158)
[2018.11.02-12.36.24:618][978]LogModuleManager: Shutting down and abandoning module VulkanShaderFormat (157)
[2018.11.02-12.36.24:618][978]LogModuleManager: Shutting down and abandoning module ShaderFormatVectorVM (155)
[2018.11.02-12.36.24:618][978]LogModuleManager: Shutting down and abandoning module ShaderFormatOpenGL (153)
[2018.11.02-12.36.24:618][978]LogModuleManager: Shutting down and abandoning module ShaderFormatD3D (151)
[2018.11.02-12.36.24:618][978]LogModuleManager: Shutting down and abandoning module MetalShaderFormat (149)
[2018.11.02-12.36.24:618][978]LogModuleManager: Shutting down and abandoning module TextureFormatUncompressed (147)
[2018.11.02-12.36.24:618][978]LogModuleManager: Shutting down and abandoning module TextureFormatPVR (145)
[2018.11.02-12.36.24:618][978]LogModuleManager: Shutting down and abandoning module TextureFormatDXT (143)
[2018.11.02-12.36.24:618][978]LogModuleManager: Shutting down and abandoning module TextureFormatIntelISPCTexComp (141)
[2018.11.02-12.36.24:618][978]LogModuleManager: Shutting down and abandoning module TextureFormatASTC (139)
[2018.11.02-12.36.24:618][978]LogModuleManager: Shutting down and abandoning module ImageWrapper (138)
[2018.11.02-12.36.24:618][978]LogModuleManager: Shutting down and abandoning module TextureFormatAndroid (135)
[2018.11.02-12.36.24:618][978]LogModuleManager: Shutting down and abandoning module AudioFormatOpus (133)
[2018.11.02-12.36.24:618][978]LogModuleManager: Shutting down and abandoning module AudioFormatOgg (131)
[2018.11.02-12.36.24:618][978]LogModuleManager: Shutting down and abandoning module AudioFormatADPCM (129)
[2018.11.02-12.36.24:618][978]LogModuleManager: Shutting down and abandoning module LuminTargetPlatform (127)
[2018.11.02-12.36.24:618][978]LogModuleManager: Shutting down and abandoning module LinuxTargetPlatform (125)
[2018.11.02-12.36.24:618][978]LogModuleManager: Shutting down and abandoning module LinuxServerTargetPlatform (123)
[2018.11.02-12.36.24:618][978]LogModuleManager: Shutting down and abandoning module LinuxNoEditorTargetPlatform (121)
[2018.11.02-12.36.24:618][978]LogModuleManager: Shutting down and abandoning module LinuxClientTargetPlatform (119)
[2018.11.02-12.36.24:618][978]LogModuleManager: Shutting down and abandoning module TVOSTargetPlatform (117)
[2018.11.02-12.36.24:619][978]LogModuleManager: Shutting down and abandoning module Messaging (115)
[2018.11.02-12.36.24:619][978]LogModuleManager: Shutting down and abandoning module IOSTargetPlatform (113)
[2018.11.02-12.36.24:620][978]LogModuleManager: Shutting down and abandoning module HTML5TargetPlatform (111)
[2018.11.02-12.36.24:620][978]LogModuleManager: Shutting down and abandoning module AndroidTargetPlatform (109)
[2018.11.02-12.36.24:627][978]LogModuleManager: Shutting down and abandoning module WindowsTargetPlatform (107)
[2018.11.02-12.36.24:627][978]LogModuleManager: Shutting down and abandoning module WindowsServerTargetPlatform (105)
[2018.11.02-12.36.24:627][978]LogModuleManager: Shutting down and abandoning module WindowsNoEditorTargetPlatform (103)
[2018.11.02-12.36.24:627][978]LogModuleManager: Shutting down and abandoning module WindowsClientTargetPlatform (101)
[2018.11.02-12.36.24:627][978]LogModuleManager: Shutting down and abandoning module MacTargetPlatform (99)
[2018.11.02-12.36.24:627][978]LogModuleManager: Shutting down and abandoning module MacServerTargetPlatform (97)
[2018.11.02-12.36.24:627][978]LogModuleManager: Shutting down and abandoning module MacNoEditorTargetPlatform (95)
[2018.11.02-12.36.24:627][978]LogModuleManager: Shutting down and abandoning module MacClientTargetPlatform (93)
[2018.11.02-12.36.24:627][978]LogModuleManager: Shutting down and abandoning module AllDesktopTargetPlatform (91)
[2018.11.02-12.36.24:627][978]LogModuleManager: Shutting down and abandoning module InputCore (88)
[2018.11.02-12.36.24:627][978]LogModuleManager: Shutting down and abandoning module Settings (86)
[2018.11.02-12.36.24:627][978]LogModuleManager: Shutting down and abandoning module PhysXCooking (84)
[2018.11.02-12.36.24:627][978]LogModuleManager: Shutting down and abandoning module SteamVR (82)
[2018.11.02-12.36.24:627][978]LogModuleManager: Shutting down and abandoning module OculusHMD (80)
[2018.11.02-12.36.24:627][978]LogModuleManager: Shutting down and abandoning module ExampleDeviceProfileSelector (78)
[2018.11.02-12.36.24:627][978]LogModuleManager: Shutting down and abandoning module LauncherChunkInstaller (76)
[2018.11.02-12.36.24:627][978]LogModuleManager: Shutting down and abandoning module OnlineBlueprintSupport (74)
[2018.11.02-12.36.24:627][978]LogModuleManager: Shutting down and abandoning module OnlineSubsystem (70)
[2018.11.02-12.36.24:628][978]LogModuleManager: Shutting down and abandoning module XMPP (65)
[2018.11.02-12.36.24:628][978]LogModuleManager: Shutting down and abandoning module WebSockets (64)
[2018.11.02-12.36.24:661][978]LogModuleManager: Shutting down and abandoning module HTTP (61)
[2018.11.02-12.36.24:661][978]LogHttp: Display: Http module shutting down, but needs to wait on 1 outstanding Http requests:
[2018.11.02-12.36.24:661][978]LogHttp: Display: 	verb=[POST] url=[https://datarouter.ol.epicgames.com/datarouter/api/v1/public/data?SessionID=%7B5E41ABCA-4D70-998A-B130-1FA6D75A8318%7D&AppID=UEEditor.Rocket.Release&AppVersion=4.20.3-4369336%2B%2B%2BUE4%2BRelease-4.20&UserID=e10189024bc88243ec1216bd4efbba50%7Ca9653c8c40a94b7788d7ce4f588cbef6%7C7ab79062-ad20-440d-acc3-3892b87870df&AppEnvironment=datacollector-binary&UploadType=eteventstream] status=Processing
[2018.11.02-12.36.24:696][978]LogModuleManager: Shutting down and abandoning module SSL (60)
[2018.11.02-12.36.24:699][978]LogModuleManager: Shutting down and abandoning module MagicLeapEmulator (56)
[2018.11.02-12.36.24:699][978]LogModuleManager: Shutting down and abandoning module MagicLeapPrivileges (54)
[2018.11.02-12.36.24:699][978]LogModuleManager: Shutting down and abandoning module MagicLeapIdentity (52)
[2018.11.02-12.36.24:699][978]LogModuleManager: Shutting down and abandoning module MagicLeapHelperVulkan (50)
[2018.11.02-12.36.24:699][978]LogModuleManager: Shutting down and abandoning module MagicLeapHelperOpenGL (48)
[2018.11.02-12.36.24:699][978]LogModuleManager: Shutting down and abandoning module MagicLeapSecureStorage (46)
[2018.11.02-12.36.24:699][978]LogModuleManager: Shutting down and abandoning module MagicLeapGestures (44)
[2018.11.02-12.36.24:699][978]LogModuleManager: Shutting down and abandoning module MagicLeapEyeTracker (42)
[2018.11.02-12.36.24:699][978]LogModuleManager: Shutting down and abandoning module MagicLeapController (40)
[2018.11.02-12.36.24:699][978]LogSlate: Slate User Destroyed.  User Index 0, Is Virtual User: 0
[2018.11.02-12.36.24:699][978]LogModuleManager: Shutting down and abandoning module MagicLeap (38)
[2018.11.02-12.36.24:700][978]LogModuleManager: Shutting down and abandoning module AnimationModifiers (36)
[2018.11.02-12.36.24:700][978]LogModuleManager: Shutting down and abandoning module PropertyEditor (35)
[2018.11.02-12.36.24:700][978]LogModuleManager: Shutting down and abandoning module AudioEditor (32)
[2018.11.02-12.36.24:700][978]LogModuleManager: Shutting down and abandoning module TextureCompressor (30)
[2018.11.02-12.36.24:700][978]LogModuleManager: Shutting down and abandoning module ShaderCore (28)
[2018.11.02-12.36.24:700][978]LogModuleManager: Shutting down and abandoning module Landscape (26)
[2018.11.02-12.36.24:700][978]LogModuleManager: Shutting down and abandoning module SlateRHIRenderer (24)
[2018.11.02-12.36.24:701][978]LogModuleManager: Shutting down and abandoning module OpenGLDrv (22)
[2018.11.02-12.36.24:701][978]LogModuleManager: Shutting down and abandoning module D3D11RHI (20)
[2018.11.02-12.36.24:701][978]LogModuleManager: Shutting down and abandoning module AnimGraphRuntime (18)
[2018.11.02-12.36.24:701][978]LogModuleManager: Shutting down and abandoning module Renderer (16)
[2018.11.02-12.36.24:701][978]LogModuleManager: Shutting down and abandoning module Engine (14)
[2018.11.02-12.36.24:701][978]LogModuleManager: Shutting down and abandoning module CoreUObject (12)
[2018.11.02-12.36.24:701][978]LogModuleManager: Shutting down and abandoning module NetworkFile (10)
[2018.11.02-12.36.24:701][978]LogModuleManager: Shutting down and abandoning module CookedIterativeFile (8)
[2018.11.02-12.36.24:701][978]LogModuleManager: Shutting down and abandoning module StreamingFile (6)
[2018.11.02-12.36.24:701][978]LogModuleManager: Shutting down and abandoning module SandboxFile (4)
[2018.11.02-12.36.24:701][978]LogModuleManager: Shutting down and abandoning module PakFile (2)
[2018.11.02-12.36.24:708][978]LogExit: Exiting.
[2018.11.02-12.36.24:730][978]Log file closed, 11/02/18 13:36:24
